<?xml version="1.0" encoding="UTF-8"?>
<!-- Generated by org.testng.reporters.JUnitXMLReporter -->
<testsuite hostname="PruthviRaj" ignored="26" name="Test(failed)" tests="8" failures="0" timestamp="2021-09-19T08:10:49 MST" time="4.097" errors="0">
  <testcase name="@BeforeClass verifyAssignLeavePageNavigation" time="0.032" classname="com.orangeHRM.qa.testcases.AssignLeavePageTest">
    <failure type="org.openqa.selenium.NoSuchElementException" message="no such element: Unable to locate element: {&amp;quot;method&amp;quot;:&amp;quot;css selector&amp;quot;,&amp;quot;selector&amp;quot;:&amp;quot;#txtUsername&amp;quot;}
  (Session info: chrome=93.0.4577.82)
For documentation on this error, please visit: https://www.seleniumhq.org/exceptions/no_such_element.html
Build info: version: &amp;apos;3.141.59&amp;apos;, revision: &amp;apos;e82be7d358&amp;apos;, time: &amp;apos;2018-11-14T08:17:03&amp;apos;
System info: host: &amp;apos;PRUTHVIRAJ&amp;apos;, ip: &amp;apos;192.168.0.123&amp;apos;, os.name: &amp;apos;Windows 10&amp;apos;, os.arch: &amp;apos;amd64&amp;apos;, os.version: &amp;apos;10.0&amp;apos;, java.version: &amp;apos;1.8.0_191&amp;apos;
Driver info: org.openqa.selenium.chrome.ChromeDriver
Capabilities {acceptInsecureCerts: false, browserName: chrome, browserVersion: 93.0.4577.82, chrome: {chromedriverVersion: 92.0.4515.107 (87a818b10553..., userDataDir: C:\Users\pruthvi\AppData\Lo...}, goog:chromeOptions: {debuggerAddress: localhost:51259}, javascriptEnabled: true, networkConnectionEnabled: false, pageLoadStrategy: normal, platform: WINDOWS, platformName: WINDOWS, proxy: Proxy(), setWindowRect: true, strictFileInteractability: false, timeouts: {implicit: 0, pageLoad: 300000, script: 30000}, unhandledPromptBehavior: dismiss and notify, webauthn:extension:credBlob: true, webauthn:extension:largeBlob: true, webauthn:virtualAuthenticators: true}
Session ID: 006cd1894026de4d5d49ca1b1f54f9c9
*** Element info: {Using=id, value=txtUsername}">
      <![CDATA[org.openqa.selenium.NoSuchElementException: no such element: Unable to locate element: {"method":"css selector","selector":"#txtUsername"}
  (Session info: chrome=93.0.4577.82)
For documentation on this error, please visit: https://www.seleniumhq.org/exceptions/no_such_element.html
Build info: version: '3.141.59', revision: 'e82be7d358', time: '2018-11-14T08:17:03'
System info: host: 'PRUTHVIRAJ', ip: '192.168.0.123', os.name: 'Windows 10', os.arch: 'amd64', os.version: '10.0', java.version: '1.8.0_191'
Driver info: org.openqa.selenium.chrome.ChromeDriver
Capabilities {acceptInsecureCerts: false, browserName: chrome, browserVersion: 93.0.4577.82, chrome: {chromedriverVersion: 92.0.4515.107 (87a818b10553..., userDataDir: C:\Users\pruthvi\AppData\Lo...}, goog:chromeOptions: {debuggerAddress: localhost:51259}, javascriptEnabled: true, networkConnectionEnabled: false, pageLoadStrategy: normal, platform: WINDOWS, platformName: WINDOWS, proxy: Proxy(), setWindowRect: true, strictFileInteractability: false, timeouts: {implicit: 0, pageLoad: 300000, script: 30000}, unhandledPromptBehavior: dismiss and notify, webauthn:extension:credBlob: true, webauthn:extension:largeBlob: true, webauthn:virtualAuthenticators: true}
Session ID: 006cd1894026de4d5d49ca1b1f54f9c9
*** Element info: {Using=id, value=txtUsername}
at org.openqa.selenium.remote.http.W3CHttpResponseCodec.createException(W3CHttpResponseCodec.java:187)
at org.openqa.selenium.remote.http.W3CHttpResponseCodec.decode(W3CHttpResponseCodec.java:122)
at org.openqa.selenium.remote.http.W3CHttpResponseCodec.decode(W3CHttpResponseCodec.java:49)
at org.openqa.selenium.remote.HttpCommandExecutor.execute(HttpCommandExecutor.java:158)
at org.openqa.selenium.remote.service.DriverCommandExecutor.execute(DriverCommandExecutor.java:83)
at org.openqa.selenium.remote.RemoteWebDriver.execute(RemoteWebDriver.java:552)
at org.openqa.selenium.remote.RemoteWebDriver.findElement(RemoteWebDriver.java:323)
at org.openqa.selenium.remote.RemoteWebDriver.findElementById(RemoteWebDriver.java:372)
at org.openqa.selenium.By$ById.findElement(By.java:188)
at org.openqa.selenium.remote.RemoteWebDriver.findElement(RemoteWebDriver.java:315)
at com.orangeHRM.qa.base.BaseClass.login(BaseClass.java:91)
at com.orangeHRM.qa.testcases.AssignLeavePageTest.verifyAssignLeavePageNavigation(AssignLeavePageTest.java:39)
at java.util.ArrayList.forEach(ArrayList.java:1257)
... Removed 32 stack frames]]>
    </failure>
  </testcase> <!-- @BeforeClass verifyAssignLeavePageNavigation -->
  <testcase name="@AfterClass close" time="-1.632064246461E9" classname="com.orangeHRM.qa.base.BaseClass">
    <skipped/>
  </testcase> <!-- @AfterClass close -->
  <testcase name="@BeforeClass verifyTerminationReasonsPIMPageNavigation" time="0.027" classname="com.orangeHRM.qa.testcases.TerminationReasonsPIMPageTest">
    <failure type="org.openqa.selenium.NoSuchElementException" message="no such element: Unable to locate element: {&amp;quot;method&amp;quot;:&amp;quot;css selector&amp;quot;,&amp;quot;selector&amp;quot;:&amp;quot;#txtUsername&amp;quot;}
  (Session info: chrome=93.0.4577.82)
For documentation on this error, please visit: https://www.seleniumhq.org/exceptions/no_such_element.html
Build info: version: &amp;apos;3.141.59&amp;apos;, revision: &amp;apos;e82be7d358&amp;apos;, time: &amp;apos;2018-11-14T08:17:03&amp;apos;
System info: host: &amp;apos;PRUTHVIRAJ&amp;apos;, ip: &amp;apos;192.168.0.123&amp;apos;, os.name: &amp;apos;Windows 10&amp;apos;, os.arch: &amp;apos;amd64&amp;apos;, os.version: &amp;apos;10.0&amp;apos;, java.version: &amp;apos;1.8.0_191&amp;apos;
Driver info: org.openqa.selenium.chrome.ChromeDriver
Capabilities {acceptInsecureCerts: false, browserName: chrome, browserVersion: 93.0.4577.82, chrome: {chromedriverVersion: 92.0.4515.107 (87a818b10553..., userDataDir: C:\Users\pruthvi\AppData\Lo...}, goog:chromeOptions: {debuggerAddress: localhost:51259}, javascriptEnabled: true, networkConnectionEnabled: false, pageLoadStrategy: normal, platform: WINDOWS, platformName: WINDOWS, proxy: Proxy(), setWindowRect: true, strictFileInteractability: false, timeouts: {implicit: 0, pageLoad: 300000, script: 30000}, unhandledPromptBehavior: dismiss and notify, webauthn:extension:credBlob: true, webauthn:extension:largeBlob: true, webauthn:virtualAuthenticators: true}
Session ID: 006cd1894026de4d5d49ca1b1f54f9c9
*** Element info: {Using=id, value=txtUsername}">
      <![CDATA[org.openqa.selenium.NoSuchElementException: no such element: Unable to locate element: {"method":"css selector","selector":"#txtUsername"}
  (Session info: chrome=93.0.4577.82)
For documentation on this error, please visit: https://www.seleniumhq.org/exceptions/no_such_element.html
Build info: version: '3.141.59', revision: 'e82be7d358', time: '2018-11-14T08:17:03'
System info: host: 'PRUTHVIRAJ', ip: '192.168.0.123', os.name: 'Windows 10', os.arch: 'amd64', os.version: '10.0', java.version: '1.8.0_191'
Driver info: org.openqa.selenium.chrome.ChromeDriver
Capabilities {acceptInsecureCerts: false, browserName: chrome, browserVersion: 93.0.4577.82, chrome: {chromedriverVersion: 92.0.4515.107 (87a818b10553..., userDataDir: C:\Users\pruthvi\AppData\Lo...}, goog:chromeOptions: {debuggerAddress: localhost:51259}, javascriptEnabled: true, networkConnectionEnabled: false, pageLoadStrategy: normal, platform: WINDOWS, platformName: WINDOWS, proxy: Proxy(), setWindowRect: true, strictFileInteractability: false, timeouts: {implicit: 0, pageLoad: 300000, script: 30000}, unhandledPromptBehavior: dismiss and notify, webauthn:extension:credBlob: true, webauthn:extension:largeBlob: true, webauthn:virtualAuthenticators: true}
Session ID: 006cd1894026de4d5d49ca1b1f54f9c9
*** Element info: {Using=id, value=txtUsername}
at org.openqa.selenium.remote.http.W3CHttpResponseCodec.createException(W3CHttpResponseCodec.java:187)
at org.openqa.selenium.remote.http.W3CHttpResponseCodec.decode(W3CHttpResponseCodec.java:122)
at org.openqa.selenium.remote.http.W3CHttpResponseCodec.decode(W3CHttpResponseCodec.java:49)
at org.openqa.selenium.remote.HttpCommandExecutor.execute(HttpCommandExecutor.java:158)
at org.openqa.selenium.remote.service.DriverCommandExecutor.execute(DriverCommandExecutor.java:83)
at org.openqa.selenium.remote.RemoteWebDriver.execute(RemoteWebDriver.java:552)
at org.openqa.selenium.remote.RemoteWebDriver.findElement(RemoteWebDriver.java:323)
at org.openqa.selenium.remote.RemoteWebDriver.findElementById(RemoteWebDriver.java:372)
at org.openqa.selenium.By$ById.findElement(By.java:188)
at org.openqa.selenium.remote.RemoteWebDriver.findElement(RemoteWebDriver.java:315)
at com.orangeHRM.qa.base.BaseClass.login(BaseClass.java:91)
at com.orangeHRM.qa.testcases.TerminationReasonsPIMPageTest.verifyTerminationReasonsPIMPageNavigation(TerminationReasonsPIMPageTest.java:20)
at java.util.ArrayList.forEach(ArrayList.java:1257)
... Removed 32 stack frames]]>
    </failure>
  </testcase> <!-- @BeforeClass verifyTerminationReasonsPIMPageNavigation -->
  <testcase name="@AfterClass close" time="-1.632064246975E9" classname="com.orangeHRM.qa.base.BaseClass">
    <skipped/>
  </testcase> <!-- @AfterClass close -->
  <testcase name="@BeforeClass a_verifyMyInfoPageNavigation" time="0.028" classname="com.orangeHRM.qa.testcases.MyInfoPageTest">
    <failure type="org.openqa.selenium.NoSuchElementException" message="no such element: Unable to locate element: {&amp;quot;method&amp;quot;:&amp;quot;css selector&amp;quot;,&amp;quot;selector&amp;quot;:&amp;quot;#txtUsername&amp;quot;}
  (Session info: chrome=93.0.4577.82)
For documentation on this error, please visit: https://www.seleniumhq.org/exceptions/no_such_element.html
Build info: version: &amp;apos;3.141.59&amp;apos;, revision: &amp;apos;e82be7d358&amp;apos;, time: &amp;apos;2018-11-14T08:17:03&amp;apos;
System info: host: &amp;apos;PRUTHVIRAJ&amp;apos;, ip: &amp;apos;192.168.0.123&amp;apos;, os.name: &amp;apos;Windows 10&amp;apos;, os.arch: &amp;apos;amd64&amp;apos;, os.version: &amp;apos;10.0&amp;apos;, java.version: &amp;apos;1.8.0_191&amp;apos;
Driver info: org.openqa.selenium.chrome.ChromeDriver
Capabilities {acceptInsecureCerts: false, browserName: chrome, browserVersion: 93.0.4577.82, chrome: {chromedriverVersion: 92.0.4515.107 (87a818b10553..., userDataDir: C:\Users\pruthvi\AppData\Lo...}, goog:chromeOptions: {debuggerAddress: localhost:51259}, javascriptEnabled: true, networkConnectionEnabled: false, pageLoadStrategy: normal, platform: WINDOWS, platformName: WINDOWS, proxy: Proxy(), setWindowRect: true, strictFileInteractability: false, timeouts: {implicit: 0, pageLoad: 300000, script: 30000}, unhandledPromptBehavior: dismiss and notify, webauthn:extension:credBlob: true, webauthn:extension:largeBlob: true, webauthn:virtualAuthenticators: true}
Session ID: 006cd1894026de4d5d49ca1b1f54f9c9
*** Element info: {Using=id, value=txtUsername}">
      <![CDATA[org.openqa.selenium.NoSuchElementException: no such element: Unable to locate element: {"method":"css selector","selector":"#txtUsername"}
  (Session info: chrome=93.0.4577.82)
For documentation on this error, please visit: https://www.seleniumhq.org/exceptions/no_such_element.html
Build info: version: '3.141.59', revision: 'e82be7d358', time: '2018-11-14T08:17:03'
System info: host: 'PRUTHVIRAJ', ip: '192.168.0.123', os.name: 'Windows 10', os.arch: 'amd64', os.version: '10.0', java.version: '1.8.0_191'
Driver info: org.openqa.selenium.chrome.ChromeDriver
Capabilities {acceptInsecureCerts: false, browserName: chrome, browserVersion: 93.0.4577.82, chrome: {chromedriverVersion: 92.0.4515.107 (87a818b10553..., userDataDir: C:\Users\pruthvi\AppData\Lo...}, goog:chromeOptions: {debuggerAddress: localhost:51259}, javascriptEnabled: true, networkConnectionEnabled: false, pageLoadStrategy: normal, platform: WINDOWS, platformName: WINDOWS, proxy: Proxy(), setWindowRect: true, strictFileInteractability: false, timeouts: {implicit: 0, pageLoad: 300000, script: 30000}, unhandledPromptBehavior: dismiss and notify, webauthn:extension:credBlob: true, webauthn:extension:largeBlob: true, webauthn:virtualAuthenticators: true}
Session ID: 006cd1894026de4d5d49ca1b1f54f9c9
*** Element info: {Using=id, value=txtUsername}
at org.openqa.selenium.remote.http.W3CHttpResponseCodec.createException(W3CHttpResponseCodec.java:187)
at org.openqa.selenium.remote.http.W3CHttpResponseCodec.decode(W3CHttpResponseCodec.java:122)
at org.openqa.selenium.remote.http.W3CHttpResponseCodec.decode(W3CHttpResponseCodec.java:49)
at org.openqa.selenium.remote.HttpCommandExecutor.execute(HttpCommandExecutor.java:158)
at org.openqa.selenium.remote.service.DriverCommandExecutor.execute(DriverCommandExecutor.java:83)
at org.openqa.selenium.remote.RemoteWebDriver.execute(RemoteWebDriver.java:552)
at org.openqa.selenium.remote.RemoteWebDriver.findElement(RemoteWebDriver.java:323)
at org.openqa.selenium.remote.RemoteWebDriver.findElementById(RemoteWebDriver.java:372)
at org.openqa.selenium.By$ById.findElement(By.java:188)
at org.openqa.selenium.remote.RemoteWebDriver.findElement(RemoteWebDriver.java:315)
at com.orangeHRM.qa.base.BaseClass.login(BaseClass.java:91)
at com.orangeHRM.qa.testcases.MyInfoPageTest.a_verifyMyInfoPageNavigation(MyInfoPageTest.java:55)
at java.util.ArrayList.forEach(ArrayList.java:1257)
... Removed 32 stack frames]]>
    </failure>
  </testcase> <!-- @BeforeClass a_verifyMyInfoPageNavigation -->
  <testcase name="@BeforeClass b_myInfoTesting" time="-1.632064247486E9" classname="com.orangeHRM.qa.testcases.MyInfoPageTest">
    <skipped/>
  </testcase> <!-- @BeforeClass b_myInfoTesting -->
  <testcase name="@BeforeClass verifyMemberships_MyInfoPageNavigation" time="-1.632064247486E9" classname="com.orangeHRM.qa.testcases.Memberships_MyInfoPageTest">
    <skipped/>
  </testcase> <!-- @BeforeClass verifyMemberships_MyInfoPageNavigation -->
  <testcase name="@AfterClass close" time="-1.63206424749E9" classname="com.orangeHRM.qa.base.BaseClass">
    <skipped/>
  </testcase> <!-- @AfterClass close -->
  <testcase name="@BeforeClass verifyMyLeaveEntitlementsAndUsageReportPageNavigation" time="0.038" classname="com.orangeHRM.qa.testcases.MyLeaveEntitlementsAndUsageReportPageTest">
    <failure type="org.openqa.selenium.NoSuchElementException" message="no such element: Unable to locate element: {&amp;quot;method&amp;quot;:&amp;quot;css selector&amp;quot;,&amp;quot;selector&amp;quot;:&amp;quot;#txtUsername&amp;quot;}
  (Session info: chrome=93.0.4577.82)
For documentation on this error, please visit: https://www.seleniumhq.org/exceptions/no_such_element.html
Build info: version: &amp;apos;3.141.59&amp;apos;, revision: &amp;apos;e82be7d358&amp;apos;, time: &amp;apos;2018-11-14T08:17:03&amp;apos;
System info: host: &amp;apos;PRUTHVIRAJ&amp;apos;, ip: &amp;apos;192.168.0.123&amp;apos;, os.name: &amp;apos;Windows 10&amp;apos;, os.arch: &amp;apos;amd64&amp;apos;, os.version: &amp;apos;10.0&amp;apos;, java.version: &amp;apos;1.8.0_191&amp;apos;
Driver info: org.openqa.selenium.chrome.ChromeDriver
Capabilities {acceptInsecureCerts: false, browserName: chrome, browserVersion: 93.0.4577.82, chrome: {chromedriverVersion: 92.0.4515.107 (87a818b10553..., userDataDir: C:\Users\pruthvi\AppData\Lo...}, goog:chromeOptions: {debuggerAddress: localhost:51259}, javascriptEnabled: true, networkConnectionEnabled: false, pageLoadStrategy: normal, platform: WINDOWS, platformName: WINDOWS, proxy: Proxy(), setWindowRect: true, strictFileInteractability: false, timeouts: {implicit: 0, pageLoad: 300000, script: 30000}, unhandledPromptBehavior: dismiss and notify, webauthn:extension:credBlob: true, webauthn:extension:largeBlob: true, webauthn:virtualAuthenticators: true}
Session ID: 006cd1894026de4d5d49ca1b1f54f9c9
*** Element info: {Using=id, value=txtUsername}">
      <![CDATA[org.openqa.selenium.NoSuchElementException: no such element: Unable to locate element: {"method":"css selector","selector":"#txtUsername"}
  (Session info: chrome=93.0.4577.82)
For documentation on this error, please visit: https://www.seleniumhq.org/exceptions/no_such_element.html
Build info: version: '3.141.59', revision: 'e82be7d358', time: '2018-11-14T08:17:03'
System info: host: 'PRUTHVIRAJ', ip: '192.168.0.123', os.name: 'Windows 10', os.arch: 'amd64', os.version: '10.0', java.version: '1.8.0_191'
Driver info: org.openqa.selenium.chrome.ChromeDriver
Capabilities {acceptInsecureCerts: false, browserName: chrome, browserVersion: 93.0.4577.82, chrome: {chromedriverVersion: 92.0.4515.107 (87a818b10553..., userDataDir: C:\Users\pruthvi\AppData\Lo...}, goog:chromeOptions: {debuggerAddress: localhost:51259}, javascriptEnabled: true, networkConnectionEnabled: false, pageLoadStrategy: normal, platform: WINDOWS, platformName: WINDOWS, proxy: Proxy(), setWindowRect: true, strictFileInteractability: false, timeouts: {implicit: 0, pageLoad: 300000, script: 30000}, unhandledPromptBehavior: dismiss and notify, webauthn:extension:credBlob: true, webauthn:extension:largeBlob: true, webauthn:virtualAuthenticators: true}
Session ID: 006cd1894026de4d5d49ca1b1f54f9c9
*** Element info: {Using=id, value=txtUsername}
at org.openqa.selenium.remote.http.W3CHttpResponseCodec.createException(W3CHttpResponseCodec.java:187)
at org.openqa.selenium.remote.http.W3CHttpResponseCodec.decode(W3CHttpResponseCodec.java:122)
at org.openqa.selenium.remote.http.W3CHttpResponseCodec.decode(W3CHttpResponseCodec.java:49)
at org.openqa.selenium.remote.HttpCommandExecutor.execute(HttpCommandExecutor.java:158)
at org.openqa.selenium.remote.service.DriverCommandExecutor.execute(DriverCommandExecutor.java:83)
at org.openqa.selenium.remote.RemoteWebDriver.execute(RemoteWebDriver.java:552)
at org.openqa.selenium.remote.RemoteWebDriver.findElement(RemoteWebDriver.java:323)
at org.openqa.selenium.remote.RemoteWebDriver.findElementById(RemoteWebDriver.java:372)
at org.openqa.selenium.By$ById.findElement(By.java:188)
at org.openqa.selenium.remote.RemoteWebDriver.findElement(RemoteWebDriver.java:315)
at com.orangeHRM.qa.base.BaseClass.login(BaseClass.java:91)
at com.orangeHRM.qa.testcases.MyLeaveEntitlementsAndUsageReportPageTest.verifyMyLeaveEntitlementsAndUsageReportPageNavigation(MyLeaveEntitlementsAndUsageReportPageTest.java:22)
at java.util.ArrayList.forEach(ArrayList.java:1257)
... Removed 32 stack frames]]>
    </failure>
  </testcase> <!-- @BeforeClass verifyMyLeaveEntitlementsAndUsageReportPageNavigation -->
  <testcase name="@AfterClass close" time="-1.632064248031E9" classname="com.orangeHRM.qa.base.BaseClass">
    <skipped/>
  </testcase> <!-- @AfterClass close -->
  <testcase name="@BeforeClass verifypersonalDetailsPageNavigation" time="0.024" classname="com.orangeHRM.qa.testcases.PersonalDetailsPageTest">
    <failure type="org.openqa.selenium.NoSuchElementException" message="no such element: Unable to locate element: {&amp;quot;method&amp;quot;:&amp;quot;css selector&amp;quot;,&amp;quot;selector&amp;quot;:&amp;quot;#txtUsername&amp;quot;}
  (Session info: chrome=93.0.4577.82)
For documentation on this error, please visit: https://www.seleniumhq.org/exceptions/no_such_element.html
Build info: version: &amp;apos;3.141.59&amp;apos;, revision: &amp;apos;e82be7d358&amp;apos;, time: &amp;apos;2018-11-14T08:17:03&amp;apos;
System info: host: &amp;apos;PRUTHVIRAJ&amp;apos;, ip: &amp;apos;192.168.0.123&amp;apos;, os.name: &amp;apos;Windows 10&amp;apos;, os.arch: &amp;apos;amd64&amp;apos;, os.version: &amp;apos;10.0&amp;apos;, java.version: &amp;apos;1.8.0_191&amp;apos;
Driver info: org.openqa.selenium.chrome.ChromeDriver
Capabilities {acceptInsecureCerts: false, browserName: chrome, browserVersion: 93.0.4577.82, chrome: {chromedriverVersion: 92.0.4515.107 (87a818b10553..., userDataDir: C:\Users\pruthvi\AppData\Lo...}, goog:chromeOptions: {debuggerAddress: localhost:51259}, javascriptEnabled: true, networkConnectionEnabled: false, pageLoadStrategy: normal, platform: WINDOWS, platformName: WINDOWS, proxy: Proxy(), setWindowRect: true, strictFileInteractability: false, timeouts: {implicit: 0, pageLoad: 300000, script: 30000}, unhandledPromptBehavior: dismiss and notify, webauthn:extension:credBlob: true, webauthn:extension:largeBlob: true, webauthn:virtualAuthenticators: true}
Session ID: 006cd1894026de4d5d49ca1b1f54f9c9
*** Element info: {Using=id, value=txtUsername}">
      <![CDATA[org.openqa.selenium.NoSuchElementException: no such element: Unable to locate element: {"method":"css selector","selector":"#txtUsername"}
  (Session info: chrome=93.0.4577.82)
For documentation on this error, please visit: https://www.seleniumhq.org/exceptions/no_such_element.html
Build info: version: '3.141.59', revision: 'e82be7d358', time: '2018-11-14T08:17:03'
System info: host: 'PRUTHVIRAJ', ip: '192.168.0.123', os.name: 'Windows 10', os.arch: 'amd64', os.version: '10.0', java.version: '1.8.0_191'
Driver info: org.openqa.selenium.chrome.ChromeDriver
Capabilities {acceptInsecureCerts: false, browserName: chrome, browserVersion: 93.0.4577.82, chrome: {chromedriverVersion: 92.0.4515.107 (87a818b10553..., userDataDir: C:\Users\pruthvi\AppData\Lo...}, goog:chromeOptions: {debuggerAddress: localhost:51259}, javascriptEnabled: true, networkConnectionEnabled: false, pageLoadStrategy: normal, platform: WINDOWS, platformName: WINDOWS, proxy: Proxy(), setWindowRect: true, strictFileInteractability: false, timeouts: {implicit: 0, pageLoad: 300000, script: 30000}, unhandledPromptBehavior: dismiss and notify, webauthn:extension:credBlob: true, webauthn:extension:largeBlob: true, webauthn:virtualAuthenticators: true}
Session ID: 006cd1894026de4d5d49ca1b1f54f9c9
*** Element info: {Using=id, value=txtUsername}
at org.openqa.selenium.remote.http.W3CHttpResponseCodec.createException(W3CHttpResponseCodec.java:187)
at org.openqa.selenium.remote.http.W3CHttpResponseCodec.decode(W3CHttpResponseCodec.java:122)
at org.openqa.selenium.remote.http.W3CHttpResponseCodec.decode(W3CHttpResponseCodec.java:49)
at org.openqa.selenium.remote.HttpCommandExecutor.execute(HttpCommandExecutor.java:158)
at org.openqa.selenium.remote.service.DriverCommandExecutor.execute(DriverCommandExecutor.java:83)
at org.openqa.selenium.remote.RemoteWebDriver.execute(RemoteWebDriver.java:552)
at org.openqa.selenium.remote.RemoteWebDriver.findElement(RemoteWebDriver.java:323)
at org.openqa.selenium.remote.RemoteWebDriver.findElementById(RemoteWebDriver.java:372)
at org.openqa.selenium.By$ById.findElement(By.java:188)
at org.openqa.selenium.remote.RemoteWebDriver.findElement(RemoteWebDriver.java:315)
at com.orangeHRM.qa.base.BaseClass.login(BaseClass.java:91)
at com.orangeHRM.qa.testcases.PersonalDetailsPageTest.verifypersonalDetailsPageNavigation(PersonalDetailsPageTest.java:37)
at java.util.ArrayList.forEach(ArrayList.java:1257)
... Removed 32 stack frames]]>
    </failure>
  </testcase> <!-- @BeforeClass verifypersonalDetailsPageNavigation -->
  <testcase name="@AfterClass close" time="-1.632064248541E9" classname="com.orangeHRM.qa.base.BaseClass">
    <skipped/>
  </testcase> <!-- @AfterClass close -->
  <testcase name="@BeforeClass verifyRecruitmentPageNavigation" time="0.033" classname="com.orangeHRM.qa.testcases.RecruitmentPageTest">
    <failure type="org.openqa.selenium.NoSuchElementException" message="no such element: Unable to locate element: {&amp;quot;method&amp;quot;:&amp;quot;css selector&amp;quot;,&amp;quot;selector&amp;quot;:&amp;quot;#txtUsername&amp;quot;}
  (Session info: chrome=93.0.4577.82)
For documentation on this error, please visit: https://www.seleniumhq.org/exceptions/no_such_element.html
Build info: version: &amp;apos;3.141.59&amp;apos;, revision: &amp;apos;e82be7d358&amp;apos;, time: &amp;apos;2018-11-14T08:17:03&amp;apos;
System info: host: &amp;apos;PRUTHVIRAJ&amp;apos;, ip: &amp;apos;192.168.0.123&amp;apos;, os.name: &amp;apos;Windows 10&amp;apos;, os.arch: &amp;apos;amd64&amp;apos;, os.version: &amp;apos;10.0&amp;apos;, java.version: &amp;apos;1.8.0_191&amp;apos;
Driver info: org.openqa.selenium.chrome.ChromeDriver
Capabilities {acceptInsecureCerts: false, browserName: chrome, browserVersion: 93.0.4577.82, chrome: {chromedriverVersion: 92.0.4515.107 (87a818b10553..., userDataDir: C:\Users\pruthvi\AppData\Lo...}, goog:chromeOptions: {debuggerAddress: localhost:51259}, javascriptEnabled: true, networkConnectionEnabled: false, pageLoadStrategy: normal, platform: WINDOWS, platformName: WINDOWS, proxy: Proxy(), setWindowRect: true, strictFileInteractability: false, timeouts: {implicit: 0, pageLoad: 300000, script: 30000}, unhandledPromptBehavior: dismiss and notify, webauthn:extension:credBlob: true, webauthn:extension:largeBlob: true, webauthn:virtualAuthenticators: true}
Session ID: 006cd1894026de4d5d49ca1b1f54f9c9
*** Element info: {Using=id, value=txtUsername}">
      <![CDATA[org.openqa.selenium.NoSuchElementException: no such element: Unable to locate element: {"method":"css selector","selector":"#txtUsername"}
  (Session info: chrome=93.0.4577.82)
For documentation on this error, please visit: https://www.seleniumhq.org/exceptions/no_such_element.html
Build info: version: '3.141.59', revision: 'e82be7d358', time: '2018-11-14T08:17:03'
System info: host: 'PRUTHVIRAJ', ip: '192.168.0.123', os.name: 'Windows 10', os.arch: 'amd64', os.version: '10.0', java.version: '1.8.0_191'
Driver info: org.openqa.selenium.chrome.ChromeDriver
Capabilities {acceptInsecureCerts: false, browserName: chrome, browserVersion: 93.0.4577.82, chrome: {chromedriverVersion: 92.0.4515.107 (87a818b10553..., userDataDir: C:\Users\pruthvi\AppData\Lo...}, goog:chromeOptions: {debuggerAddress: localhost:51259}, javascriptEnabled: true, networkConnectionEnabled: false, pageLoadStrategy: normal, platform: WINDOWS, platformName: WINDOWS, proxy: Proxy(), setWindowRect: true, strictFileInteractability: false, timeouts: {implicit: 0, pageLoad: 300000, script: 30000}, unhandledPromptBehavior: dismiss and notify, webauthn:extension:credBlob: true, webauthn:extension:largeBlob: true, webauthn:virtualAuthenticators: true}
Session ID: 006cd1894026de4d5d49ca1b1f54f9c9
*** Element info: {Using=id, value=txtUsername}
at org.openqa.selenium.remote.http.W3CHttpResponseCodec.createException(W3CHttpResponseCodec.java:187)
at org.openqa.selenium.remote.http.W3CHttpResponseCodec.decode(W3CHttpResponseCodec.java:122)
at org.openqa.selenium.remote.http.W3CHttpResponseCodec.decode(W3CHttpResponseCodec.java:49)
at org.openqa.selenium.remote.HttpCommandExecutor.execute(HttpCommandExecutor.java:158)
at org.openqa.selenium.remote.service.DriverCommandExecutor.execute(DriverCommandExecutor.java:83)
at org.openqa.selenium.remote.RemoteWebDriver.execute(RemoteWebDriver.java:552)
at org.openqa.selenium.remote.RemoteWebDriver.findElement(RemoteWebDriver.java:323)
at org.openqa.selenium.remote.RemoteWebDriver.findElementById(RemoteWebDriver.java:372)
at org.openqa.selenium.By$ById.findElement(By.java:188)
at org.openqa.selenium.remote.RemoteWebDriver.findElement(RemoteWebDriver.java:315)
at com.orangeHRM.qa.base.BaseClass.login(BaseClass.java:91)
at com.orangeHRM.qa.testcases.RecruitmentPageTest.verifyRecruitmentPageNavigation(RecruitmentPageTest.java:21)
at java.util.ArrayList.forEach(ArrayList.java:1257)
... Removed 32 stack frames]]>
    </failure>
  </testcase> <!-- @BeforeClass verifyRecruitmentPageNavigation -->
  <testcase name="@AfterClass navigatingToSubMenuOnClickingRecruitment" time="-1.632064249089E9" classname="com.orangeHRM.qa.testcases.RecruitmentPageTest">
    <skipped/>
  </testcase> <!-- @AfterClass navigatingToSubMenuOnClickingRecruitment -->
  <testcase name="@AfterClass close" time="-1.632064249089E9" classname="com.orangeHRM.qa.base.BaseClass">
    <skipped/>
  </testcase> <!-- @AfterClass close -->
  <testcase name="validatingMandatoryFieldsbeforeEnteringValues" time="0.0" classname="com.orangeHRM.qa.testcases.AssignLeavePageTest">
    <skipped/>
  </testcase> <!-- validatingMandatoryFieldsbeforeEnteringValues -->
  <testcase name="terminationReasonsPIMTesting" time="0.0" classname="com.orangeHRM.qa.testcases.TerminationReasonsPIMPageTest">
    <skipped/>
  </testcase> <!-- terminationReasonsPIMTesting -->
  <testcase name="validateMemberships_MyInfoButton_bgcolor" time="0.0" classname="com.orangeHRM.qa.testcases.Memberships_MyInfoPageTest">
    <skipped/>
  </testcase> <!-- validateMemberships_MyInfoButton_bgcolor -->
  <testcase name="myLeaveEntitlementsAndUsageReportTesting" time="0.0" classname="com.orangeHRM.qa.testcases.MyLeaveEntitlementsAndUsageReportPageTest">
    <skipped/>
  </testcase> <!-- myLeaveEntitlementsAndUsageReportTesting -->
  <testcase name="personalDetailsTesting" time="0.0" classname="com.orangeHRM.qa.testcases.PersonalDetailsPageTest">
    <skipped/>
  </testcase> <!-- personalDetailsTesting -->
  <testcase name="validatingRecruitmentSubMenuDisplay" time="0.0" classname="com.orangeHRM.qa.testcases.RecruitmentPageTest">
    <skipped/>
  </testcase> <!-- validatingRecruitmentSubMenuDisplay -->
  <testcase name="verifyColorsOfSubmenuInRecruitment" time="0.0" classname="com.orangeHRM.qa.testcases.RecruitmentPageTest">
    <skipped/>
  </testcase> <!-- verifyColorsOfSubmenuInRecruitment -->
  <testcase name="login_invalid_credentials" time="0.0" classname="com.orangeHRM.qa.testcases.LoginTestPage">
    <skipped/>
  </testcase> <!-- login_invalid_credentials -->
  <testcase name="validatingNationalityDropdownOptionsSort" time="0.0" classname="com.orangeHRM.qa.testcases.PersonalDetailsPageTest">
    <ignored/>
  </testcase> <!-- validatingNationalityDropdownOptionsSort -->
  <testcase name="setcontext" time="0.0" classname="com.orangeHRM.qa.testcases.PersonalDetailsPageTest">
    <ignored/>
  </testcase> <!-- setcontext -->
  <testcase name="login_valid_credentials_Othercase" time="0.0" classname="com.orangeHRM.qa.testcases.LoginTestPage">
    <ignored/>
  </testcase> <!-- login_valid_credentials_Othercase -->
  <testcase name="assignLeaveTesting" time="0.0" classname="com.orangeHRM.qa.testcases.AssignLeavePageTest">
    <ignored/>
  </testcase> <!-- assignLeaveTesting -->
  <testcase name="verifyPartialDaysAsStartDayOnly" time="0.0" classname="com.orangeHRM.qa.testcases.AssignLeavePageTest">
    <ignored/>
  </testcase> <!-- verifyPartialDaysAsStartDayOnly -->
  <testcase name="verifyToDateFormat" time="0.0" classname="com.orangeHRM.qa.testcases.AssignLeavePageTest">
    <ignored/>
  </testcase> <!-- verifyToDateFormat -->
  <testcase name="setcontext" time="0.0" classname="com.orangeHRM.qa.testcases.AssignLeavePageTest">
    <ignored/>
  </testcase> <!-- setcontext -->
  <testcase name="verifyPartialDaysAsStartandEndDay" time="0.0" classname="com.orangeHRM.qa.testcases.AssignLeavePageTest">
    <ignored/>
  </testcase> <!-- verifyPartialDaysAsStartandEndDay -->
  <testcase name="validatingNationalityDropdownOptionsDuplicates" time="0.0" classname="com.orangeHRM.qa.testcases.PersonalDetailsPageTest">
    <ignored/>
  </testcase> <!-- validatingNationalityDropdownOptionsDuplicates -->
  <testcase name="verifyPartialDaysAsAllDays" time="0.0" classname="com.orangeHRM.qa.testcases.AssignLeavePageTest">
    <ignored/>
  </testcase> <!-- verifyPartialDaysAsAllDays -->
  <testcase name="verifyPartialDaysAsEndDayOnly" time="0.0" classname="com.orangeHRM.qa.testcases.AssignLeavePageTest">
    <ignored/>
  </testcase> <!-- verifyPartialDaysAsEndDayOnly -->
  <testcase name="verifyEmpNameContainsCharacters" time="0.0" classname="com.orangeHRM.qa.testcases.AssignLeavePageTest">
    <ignored/>
  </testcase> <!-- verifyEmpNameContainsCharacters -->
  <testcase name="validatingPersonalDetailsFieldsDisplay" time="0.0" classname="com.orangeHRM.qa.testcases.PersonalDetailsPageTest">
    <ignored/>
  </testcase> <!-- validatingPersonalDetailsFieldsDisplay -->
  <testcase name="setcontext" time="0.0" classname="com.orangeHRM.qa.testcases.LoginTestPage">
    <ignored/>
  </testcase> <!-- setcontext -->
  <testcase name="verifyToDateShouldBeAfterFromDate" time="0.0" classname="com.orangeHRM.qa.testcases.AssignLeavePageTest">
    <ignored/>
  </testcase> <!-- verifyToDateShouldBeAfterFromDate -->
  <testcase name="validatingLeaveBalanceDropdownOptionsDuplicates" time="0.0" classname="com.orangeHRM.qa.testcases.AssignLeavePageTest">
    <ignored/>
  </testcase> <!-- validatingLeaveBalanceDropdownOptionsDuplicates -->
  <testcase name="login_valid_credentials" time="0.0" classname="com.orangeHRM.qa.testcases.LoginTestPage">
    <ignored/>
  </testcase> <!-- login_valid_credentials -->
  <testcase name="verifyLicenseExpiryDateFormat" time="0.0" classname="com.orangeHRM.qa.testcases.PersonalDetailsPageTest">
    <ignored/>
  </testcase> <!-- verifyLicenseExpiryDateFormat -->
  <testcase name="validatingMarritalStatusDropdownOptionsSort" time="0.0" classname="com.orangeHRM.qa.testcases.PersonalDetailsPageTest">
    <ignored/>
  </testcase> <!-- validatingMarritalStatusDropdownOptionsSort -->
  <testcase name="verifyDateOfBirthDateFormat" time="0.0" classname="com.orangeHRM.qa.testcases.PersonalDetailsPageTest">
    <ignored/>
  </testcase> <!-- verifyDateOfBirthDateFormat -->
  <testcase name="verifyFromDateFormat" time="0.0" classname="com.orangeHRM.qa.testcases.AssignLeavePageTest">
    <ignored/>
  </testcase> <!-- verifyFromDateFormat -->
  <testcase name="verifyPartialDaysAsNone" time="0.0" classname="com.orangeHRM.qa.testcases.AssignLeavePageTest">
    <ignored/>
  </testcase> <!-- verifyPartialDaysAsNone -->
  <testcase name="validatingLeaveBalanceDropdownOptionsSort" time="0.0" classname="com.orangeHRM.qa.testcases.AssignLeavePageTest">
    <ignored/>
  </testcase> <!-- validatingLeaveBalanceDropdownOptionsSort -->
  <testcase name="validatingMarritalStatusDropdownOptionsDuplicates" time="0.0" classname="com.orangeHRM.qa.testcases.PersonalDetailsPageTest">
    <ignored/>
  </testcase> <!-- validatingMarritalStatusDropdownOptionsDuplicates -->
  <testcase name="validatingMandatoryFields" time="0.0" classname="com.orangeHRM.qa.testcases.AssignLeavePageTest">
    <ignored/>
  </testcase> <!-- validatingMandatoryFields -->
  <testcase name="verifyCommentsCharacters" time="0.0" classname="com.orangeHRM.qa.testcases.AssignLeavePageTest">
    <ignored/>
  </testcase> <!-- verifyCommentsCharacters -->
</testsuite> <!-- Test(failed) -->
