<?xml version="1.0" encoding="UTF-8"?>
<!-- Generated by org.testng.reporters.JUnitXMLReporter -->
<testsuite hostname="LAPTOP-0MU7EG7P" ignored="0" name="Test" tests="385" failures="17" timestamp="2022-02-17T14:35:52 CST" time="1891.416" errors="0">
  <testcase name="@BeforeClass verifyMyLeaveEntitlementsAndUsageReportPageNavigation" time="4.755" classname="com.orangeHRM.qa.testcases.MyLeaveEntitlementsAndUsageReportPageTest">
    <failure type="org.openqa.selenium.ElementClickInterceptedException" message="element click intercepted: Element is not clickable at point (-9574, 214)
  (Session info: chrome=98.0.4758.102)
Build info: version: &amp;apos;3.141.59&amp;apos;, revision: &amp;apos;e82be7d358&amp;apos;, time: &amp;apos;2018-11-14T08:17:03&amp;apos;
System info: host: &amp;apos;LAPTOP-0MU7EG7P&amp;apos;, ip: &amp;apos;192.168.1.160&amp;apos;, os.name: &amp;apos;Windows 10&amp;apos;, os.arch: &amp;apos;amd64&amp;apos;, os.version: &amp;apos;10.0&amp;apos;, java.version: &amp;apos;1.8.0_231&amp;apos;
Driver info: org.openqa.selenium.chrome.ChromeDriver
Capabilities {acceptInsecureCerts: false, browserName: chrome, browserVersion: 98.0.4758.102, chrome: {chromedriverVersion: 98.0.4758.102 (273bf7ac8c90..., userDataDir: C:\Users\vijay\AppData\Loca...}, goog:chromeOptions: {debuggerAddress: localhost:57456}, javascriptEnabled: true, networkConnectionEnabled: false, pageLoadStrategy: normal, platform: WINDOWS, platformName: WINDOWS, proxy: Proxy(), setWindowRect: true, strictFileInteractability: false, timeouts: {implicit: 0, pageLoad: 300000, script: 30000}, unhandledPromptBehavior: dismiss and notify, webauthn:extension:credBlob: true, webauthn:extension:largeBlob: true, webauthn:virtualAuthenticators: true}
Session ID: 12bc9968316a283d844aa2a552176f1d">
      <![CDATA[org.openqa.selenium.ElementClickInterceptedException: element click intercepted: Element is not clickable at point (-9574, 214)
  (Session info: chrome=98.0.4758.102)
Build info: version: '3.141.59', revision: 'e82be7d358', time: '2018-11-14T08:17:03'
System info: host: 'LAPTOP-0MU7EG7P', ip: '192.168.1.160', os.name: 'Windows 10', os.arch: 'amd64', os.version: '10.0', java.version: '1.8.0_231'
Driver info: org.openqa.selenium.chrome.ChromeDriver
Capabilities {acceptInsecureCerts: false, browserName: chrome, browserVersion: 98.0.4758.102, chrome: {chromedriverVersion: 98.0.4758.102 (273bf7ac8c90..., userDataDir: C:\Users\vijay\AppData\Loca...}, goog:chromeOptions: {debuggerAddress: localhost:57456}, javascriptEnabled: true, networkConnectionEnabled: false, pageLoadStrategy: normal, platform: WINDOWS, platformName: WINDOWS, proxy: Proxy(), setWindowRect: true, strictFileInteractability: false, timeouts: {implicit: 0, pageLoad: 300000, script: 30000}, unhandledPromptBehavior: dismiss and notify, webauthn:extension:credBlob: true, webauthn:extension:largeBlob: true, webauthn:virtualAuthenticators: true}
Session ID: 12bc9968316a283d844aa2a552176f1d
at org.openqa.selenium.remote.http.W3CHttpResponseCodec.createException(W3CHttpResponseCodec.java:187)
at org.openqa.selenium.remote.http.W3CHttpResponseCodec.decode(W3CHttpResponseCodec.java:122)
at org.openqa.selenium.remote.http.W3CHttpResponseCodec.decode(W3CHttpResponseCodec.java:49)
at org.openqa.selenium.remote.HttpCommandExecutor.execute(HttpCommandExecutor.java:158)
at org.openqa.selenium.remote.service.DriverCommandExecutor.execute(DriverCommandExecutor.java:83)
at org.openqa.selenium.remote.RemoteWebDriver.execute(RemoteWebDriver.java:552)
at org.openqa.selenium.remote.RemoteWebElement.execute(RemoteWebElement.java:285)
at org.openqa.selenium.remote.RemoteWebElement.click(RemoteWebElement.java:84)
at com.orangeHRM.qa.pages.ReportsLeavePage.navigatingToMyLeaveEntitlementsAndUsageReport(ReportsLeavePage.java:40)
at com.orangeHRM.qa.testcases.MyLeaveEntitlementsAndUsageReportPageTest.verifyMyLeaveEntitlementsAndUsageReportPageNavigation(MyLeaveEntitlementsAndUsageReportPageTest.java:26)
at java.util.ArrayList.forEach(ArrayList.java:1257)
... Removed 29 stack frames]]>
    </failure>
  </testcase> <!-- @BeforeClass verifyMyLeaveEntitlementsAndUsageReportPageNavigation -->
  <testcase name="@AfterClass close" time="-1.645130151406E9" classname="com.orangeHRM.qa.base.BaseClass">
    <skipped/>
  </testcase> <!-- @AfterClass close -->
  <testcase name="@BeforeClass verifyTerminationReasonsPIMPageNavigation" time="0.038" classname="com.orangeHRM.qa.testcases.TerminationReasonsPIMPageTest">
    <failure type="org.openqa.selenium.NoSuchElementException" message="no such element: Unable to locate element: {&amp;quot;method&amp;quot;:&amp;quot;css selector&amp;quot;,&amp;quot;selector&amp;quot;:&amp;quot;#txtUsername&amp;quot;}
  (Session info: chrome=98.0.4758.102)
For documentation on this error, please visit: https://www.seleniumhq.org/exceptions/no_such_element.html
Build info: version: &amp;apos;3.141.59&amp;apos;, revision: &amp;apos;e82be7d358&amp;apos;, time: &amp;apos;2018-11-14T08:17:03&amp;apos;
System info: host: &amp;apos;LAPTOP-0MU7EG7P&amp;apos;, ip: &amp;apos;192.168.1.160&amp;apos;, os.name: &amp;apos;Windows 10&amp;apos;, os.arch: &amp;apos;amd64&amp;apos;, os.version: &amp;apos;10.0&amp;apos;, java.version: &amp;apos;1.8.0_231&amp;apos;
Driver info: org.openqa.selenium.chrome.ChromeDriver
Capabilities {acceptInsecureCerts: false, browserName: chrome, browserVersion: 98.0.4758.102, chrome: {chromedriverVersion: 98.0.4758.102 (273bf7ac8c90..., userDataDir: C:\Users\vijay\AppData\Loca...}, goog:chromeOptions: {debuggerAddress: localhost:57456}, javascriptEnabled: true, networkConnectionEnabled: false, pageLoadStrategy: normal, platform: WINDOWS, platformName: WINDOWS, proxy: Proxy(), setWindowRect: true, strictFileInteractability: false, timeouts: {implicit: 0, pageLoad: 300000, script: 30000}, unhandledPromptBehavior: dismiss and notify, webauthn:extension:credBlob: true, webauthn:extension:largeBlob: true, webauthn:virtualAuthenticators: true}
Session ID: 12bc9968316a283d844aa2a552176f1d
*** Element info: {Using=id, value=txtUsername}">
      <![CDATA[org.openqa.selenium.NoSuchElementException: no such element: Unable to locate element: {"method":"css selector","selector":"#txtUsername"}
  (Session info: chrome=98.0.4758.102)
For documentation on this error, please visit: https://www.seleniumhq.org/exceptions/no_such_element.html
Build info: version: '3.141.59', revision: 'e82be7d358', time: '2018-11-14T08:17:03'
System info: host: 'LAPTOP-0MU7EG7P', ip: '192.168.1.160', os.name: 'Windows 10', os.arch: 'amd64', os.version: '10.0', java.version: '1.8.0_231'
Driver info: org.openqa.selenium.chrome.ChromeDriver
Capabilities {acceptInsecureCerts: false, browserName: chrome, browserVersion: 98.0.4758.102, chrome: {chromedriverVersion: 98.0.4758.102 (273bf7ac8c90..., userDataDir: C:\Users\vijay\AppData\Loca...}, goog:chromeOptions: {debuggerAddress: localhost:57456}, javascriptEnabled: true, networkConnectionEnabled: false, pageLoadStrategy: normal, platform: WINDOWS, platformName: WINDOWS, proxy: Proxy(), setWindowRect: true, strictFileInteractability: false, timeouts: {implicit: 0, pageLoad: 300000, script: 30000}, unhandledPromptBehavior: dismiss and notify, webauthn:extension:credBlob: true, webauthn:extension:largeBlob: true, webauthn:virtualAuthenticators: true}
Session ID: 12bc9968316a283d844aa2a552176f1d
*** Element info: {Using=id, value=txtUsername}
at org.openqa.selenium.remote.http.W3CHttpResponseCodec.createException(W3CHttpResponseCodec.java:187)
at org.openqa.selenium.remote.http.W3CHttpResponseCodec.decode(W3CHttpResponseCodec.java:122)
at org.openqa.selenium.remote.http.W3CHttpResponseCodec.decode(W3CHttpResponseCodec.java:49)
at org.openqa.selenium.remote.HttpCommandExecutor.execute(HttpCommandExecutor.java:158)
at org.openqa.selenium.remote.service.DriverCommandExecutor.execute(DriverCommandExecutor.java:83)
at org.openqa.selenium.remote.RemoteWebDriver.execute(RemoteWebDriver.java:552)
at org.openqa.selenium.remote.RemoteWebDriver.findElement(RemoteWebDriver.java:323)
at org.openqa.selenium.remote.RemoteWebDriver.findElementById(RemoteWebDriver.java:372)
at org.openqa.selenium.By$ById.findElement(By.java:188)
at org.openqa.selenium.remote.RemoteWebDriver.findElement(RemoteWebDriver.java:315)
at com.orangeHRM.qa.base.BaseClass.login(BaseClass.java:111)
at com.orangeHRM.qa.testcases.TerminationReasonsPIMPageTest.verifyTerminationReasonsPIMPageNavigation(TerminationReasonsPIMPageTest.java:20)
at java.util.ArrayList.forEach(ArrayList.java:1257)
... Removed 29 stack frames]]>
    </failure>
  </testcase> <!-- @BeforeClass verifyTerminationReasonsPIMPageNavigation -->
  <testcase name="@AfterClass close" time="-1.645130152114E9" classname="com.orangeHRM.qa.base.BaseClass">
    <skipped/>
  </testcase> <!-- @AfterClass close -->
  <testcase name="@BeforeClass verifyRecruitmentPageNavigation" time="0.034" classname="com.orangeHRM.qa.testcases.RecruitmentPageTest">
    <failure type="org.openqa.selenium.NoSuchElementException" message="no such element: Unable to locate element: {&amp;quot;method&amp;quot;:&amp;quot;css selector&amp;quot;,&amp;quot;selector&amp;quot;:&amp;quot;#txtUsername&amp;quot;}
  (Session info: chrome=98.0.4758.102)
For documentation on this error, please visit: https://www.seleniumhq.org/exceptions/no_such_element.html
Build info: version: &amp;apos;3.141.59&amp;apos;, revision: &amp;apos;e82be7d358&amp;apos;, time: &amp;apos;2018-11-14T08:17:03&amp;apos;
System info: host: &amp;apos;LAPTOP-0MU7EG7P&amp;apos;, ip: &amp;apos;192.168.1.160&amp;apos;, os.name: &amp;apos;Windows 10&amp;apos;, os.arch: &amp;apos;amd64&amp;apos;, os.version: &amp;apos;10.0&amp;apos;, java.version: &amp;apos;1.8.0_231&amp;apos;
Driver info: org.openqa.selenium.chrome.ChromeDriver
Capabilities {acceptInsecureCerts: false, browserName: chrome, browserVersion: 98.0.4758.102, chrome: {chromedriverVersion: 98.0.4758.102 (273bf7ac8c90..., userDataDir: C:\Users\vijay\AppData\Loca...}, goog:chromeOptions: {debuggerAddress: localhost:57456}, javascriptEnabled: true, networkConnectionEnabled: false, pageLoadStrategy: normal, platform: WINDOWS, platformName: WINDOWS, proxy: Proxy(), setWindowRect: true, strictFileInteractability: false, timeouts: {implicit: 0, pageLoad: 300000, script: 30000}, unhandledPromptBehavior: dismiss and notify, webauthn:extension:credBlob: true, webauthn:extension:largeBlob: true, webauthn:virtualAuthenticators: true}
Session ID: 12bc9968316a283d844aa2a552176f1d
*** Element info: {Using=id, value=txtUsername}">
      <![CDATA[org.openqa.selenium.NoSuchElementException: no such element: Unable to locate element: {"method":"css selector","selector":"#txtUsername"}
  (Session info: chrome=98.0.4758.102)
For documentation on this error, please visit: https://www.seleniumhq.org/exceptions/no_such_element.html
Build info: version: '3.141.59', revision: 'e82be7d358', time: '2018-11-14T08:17:03'
System info: host: 'LAPTOP-0MU7EG7P', ip: '192.168.1.160', os.name: 'Windows 10', os.arch: 'amd64', os.version: '10.0', java.version: '1.8.0_231'
Driver info: org.openqa.selenium.chrome.ChromeDriver
Capabilities {acceptInsecureCerts: false, browserName: chrome, browserVersion: 98.0.4758.102, chrome: {chromedriverVersion: 98.0.4758.102 (273bf7ac8c90..., userDataDir: C:\Users\vijay\AppData\Loca...}, goog:chromeOptions: {debuggerAddress: localhost:57456}, javascriptEnabled: true, networkConnectionEnabled: false, pageLoadStrategy: normal, platform: WINDOWS, platformName: WINDOWS, proxy: Proxy(), setWindowRect: true, strictFileInteractability: false, timeouts: {implicit: 0, pageLoad: 300000, script: 30000}, unhandledPromptBehavior: dismiss and notify, webauthn:extension:credBlob: true, webauthn:extension:largeBlob: true, webauthn:virtualAuthenticators: true}
Session ID: 12bc9968316a283d844aa2a552176f1d
*** Element info: {Using=id, value=txtUsername}
at org.openqa.selenium.remote.http.W3CHttpResponseCodec.createException(W3CHttpResponseCodec.java:187)
at org.openqa.selenium.remote.http.W3CHttpResponseCodec.decode(W3CHttpResponseCodec.java:122)
at org.openqa.selenium.remote.http.W3CHttpResponseCodec.decode(W3CHttpResponseCodec.java:49)
at org.openqa.selenium.remote.HttpCommandExecutor.execute(HttpCommandExecutor.java:158)
at org.openqa.selenium.remote.service.DriverCommandExecutor.execute(DriverCommandExecutor.java:83)
at org.openqa.selenium.remote.RemoteWebDriver.execute(RemoteWebDriver.java:552)
at org.openqa.selenium.remote.RemoteWebDriver.findElement(RemoteWebDriver.java:323)
at org.openqa.selenium.remote.RemoteWebDriver.findElementById(RemoteWebDriver.java:372)
at org.openqa.selenium.By$ById.findElement(By.java:188)
at org.openqa.selenium.remote.RemoteWebDriver.findElement(RemoteWebDriver.java:315)
at com.orangeHRM.qa.base.BaseClass.login(BaseClass.java:111)
at com.orangeHRM.qa.testcases.RecruitmentPageTest.verifyRecruitmentPageNavigation(RecruitmentPageTest.java:21)
at java.util.ArrayList.forEach(ArrayList.java:1257)
... Removed 29 stack frames]]>
    </failure>
  </testcase> <!-- @BeforeClass verifyRecruitmentPageNavigation -->
  <testcase name="@AfterClass navigatingToSubMenuOnClickingRecruitment" time="-1.645130152717E9" classname="com.orangeHRM.qa.testcases.RecruitmentPageTest">
    <skipped/>
  </testcase> <!-- @AfterClass navigatingToSubMenuOnClickingRecruitment -->
  <testcase name="@AfterClass close" time="-1.645130152718E9" classname="com.orangeHRM.qa.base.BaseClass">
    <skipped/>
  </testcase> <!-- @AfterClass close -->
  <testcase name="leaveListTesting" time="0.008" classname="com.orangeHRM.qa.testcases.LeaveListPageTest"/>
  <testcase name="setcontext" time="0.001" classname="com.orangeHRM.qa.testcases.LeaveListPageTest"/>
  <testcase name="verifyleavelist" time="13.676" classname="com.orangeHRM.qa.testcases.LeaveListPageTest"/>
  <testcase name="duplicatesindropdown" time="0.356" classname="com.orangeHRM.qa.testcases.LeaveListPageTest"/>
  <testcase name="setcontext" time="0.001" classname="com.orangeHRM.qa.testcases.LoginTestPage"/>
  <testcase name="login_invalid_credentials" time="0.0" classname="com.orangeHRM.qa.testcases.LoginTestPage">
    <skipped/>
  </testcase> <!-- login_invalid_credentials -->
  <testcase name="login_valid_credentials" time="9.378" classname="com.orangeHRM.qa.testcases.LoginTestPage"/>
  <testcase name="login_valid_credentials_Othercase" time="7.558" classname="com.orangeHRM.qa.testcases.LoginTestPage"/>
  <testcase name="jobCategoriesTesting" time="0.002" classname="com.orangeHRM.qa.testcases.JobCategoriesPageTest"/>
  <testcase name="attendanceSummaryTesting" time="0.002" classname="com.orangeHRM.qa.testcases.AttendanceSummaryPageTest"/>
  <testcase name="usersTesting" time="0.001" classname="com.orangeHRM.qa.testcases.UsersPageTest"/>
  <testcase name="validatingConfigureLeaveSubMenuDisplay" time="0.483" classname="com.orangeHRM.qa.testcases.ConfigureLeavePageTest"/>
  <testcase name="configureLeaveTesting" time="0.001" classname="com.orangeHRM.qa.testcases.ConfigureLeavePageTest"/>
  <testcase name="workShiftsTesting" time="0.001" classname="com.orangeHRM.qa.testcases.WorkShiftsPageTest"/>
  <testcase name="candidatesTesting" time="0.002" classname="com.orangeHRM.qa.testcases.CandidatesPageTest"/>
  <testcase name="setcontext1" time="0.001" classname="com.orangeHRM.qa.testcases.CandidatesPageTest"/>
  <testcase name="searchBtnClk" time="9.347" classname="com.orangeHRM.qa.testcases.CandidatesPageTest"/>
  <testcase name="resetButtonclick" time="9.544" classname="com.orangeHRM.qa.testcases.CandidatesPageTest"/>
  <testcase name="candidate_Table_HeaderValidate" time="0.076" classname="com.orangeHRM.qa.testcases.CandidatesPageTest"/>
  <testcase name="clickCandidateValidation" time="6.67" classname="com.orangeHRM.qa.testcases.CandidatesPageTest"/>
  <testcase name="setcontext" time="0.001" classname="com.orangeHRM.qa.testcases.CandidatesPageTest"/>
  <testcase name="addcandidate" time="12.777" classname="com.orangeHRM.qa.testcases.CandidatesPageTest"/>
  <testcase name="validationsedit" time="0.463" classname="com.orangeHRM.qa.testcases.CandidatesPageTest"/>
  <testcase name="candidateTableHeaderValidation" time="0.361" classname="com.orangeHRM.qa.testcases.CandidatesPageTest"/>
  <testcase name="setcontext2" time="0.001" classname="com.orangeHRM.qa.testcases.CandidatesPageTest"/>
  <testcase name="editcandidate" time="10.529" classname="com.orangeHRM.qa.testcases.CandidatesPageTest"/>
  <testcase name="candidate_History_HdrValidate" time="0.122" classname="com.orangeHRM.qa.testcases.CandidatesPageTest"/>
  <testcase name="verifyingFieldsInCandidates" time="0.037" classname="com.orangeHRM.qa.testcases.CandidatesPageTest"/>
  <testcase name="setcontext4" time="0.001" classname="com.orangeHRM.qa.testcases.CandidatesPageTest"/>
  <testcase name="searchFunctionalityForCandidates" time="32.691" classname="com.orangeHRM.qa.testcases.CandidatesPageTest"/>
  <testcase name="checkingStatus" time="136.737" classname="com.orangeHRM.qa.testcases.CandidatesPageTest"/>
  <testcase name="employmentStatusTesting" time="0.001" classname="com.orangeHRM.qa.testcases.EmploymentStatusPageTest"/>
  <testcase name="myTrackersTesting" time="0.0" classname="com.orangeHRM.qa.testcases.MyTrackersPageTest"/>
  <testcase name="socialMediaAuthenticationTesting" time="0.002" classname="com.orangeHRM.qa.testcases.SocialMediaAuthenticationPageTest"/>
  <testcase name="validatingTimeSheetsSubMenuDisplay" time="0.322" classname="com.orangeHRM.qa.testcases.TimeSheetsPageTest"/>
  <testcase name="timeSheetsTesting" time="0.0" classname="com.orangeHRM.qa.testcases.TimeSheetsPageTest"/>
  <testcase name="dashboardTesting" time="26.281" classname="com.orangeHRM.qa.testcases.DashboardPageTest">
    <failure type="org.openqa.selenium.NoSuchElementException" message="no such element: Unable to locate element: {&amp;quot;method&amp;quot;:&amp;quot;xpath&amp;quot;,&amp;quot;selector&amp;quot;:&amp;quot;//div[@id=&amp;apos;div_graph_display_emp_distribution&amp;apos;]/span[@id=&amp;apos;pieLabel4&amp;apos;]/div&amp;quot;}
  (Session info: chrome=98.0.4758.102)
For documentation on this error, please visit: https://www.seleniumhq.org/exceptions/no_such_element.html
Build info: version: &amp;apos;3.141.59&amp;apos;, revision: &amp;apos;e82be7d358&amp;apos;, time: &amp;apos;2018-11-14T08:17:03&amp;apos;
System info: host: &amp;apos;LAPTOP-0MU7EG7P&amp;apos;, ip: &amp;apos;192.168.1.160&amp;apos;, os.name: &amp;apos;Windows 10&amp;apos;, os.arch: &amp;apos;amd64&amp;apos;, os.version: &amp;apos;10.0&amp;apos;, java.version: &amp;apos;1.8.0_231&amp;apos;
Driver info: org.openqa.selenium.chrome.ChromeDriver
Capabilities {acceptInsecureCerts: false, browserName: chrome, browserVersion: 98.0.4758.102, chrome: {chromedriverVersion: 98.0.4758.102 (273bf7ac8c90..., userDataDir: C:\Users\vijay\AppData\Loca...}, goog:chromeOptions: {debuggerAddress: localhost:52259}, javascriptEnabled: true, networkConnectionEnabled: false, pageLoadStrategy: normal, platform: WINDOWS, platformName: WINDOWS, proxy: Proxy(), setWindowRect: true, strictFileInteractability: false, timeouts: {implicit: 0, pageLoad: 300000, script: 30000}, unhandledPromptBehavior: dismiss and notify, webauthn:extension:credBlob: true, webauthn:extension:largeBlob: true, webauthn:virtualAuthenticators: true}
Session ID: 6d1ba71c00f4f52a67ed71e4d832ba3d
*** Element info: {Using=xpath, value=//div[@id=&amp;apos;div_graph_display_emp_distribution&amp;apos;]/span[@id=&amp;apos;pieLabel4&amp;apos;]/div}">
      <![CDATA[org.openqa.selenium.NoSuchElementException: no such element: Unable to locate element: {"method":"xpath","selector":"//div[@id='div_graph_display_emp_distribution']/span[@id='pieLabel4']/div"}
  (Session info: chrome=98.0.4758.102)
For documentation on this error, please visit: https://www.seleniumhq.org/exceptions/no_such_element.html
Build info: version: '3.141.59', revision: 'e82be7d358', time: '2018-11-14T08:17:03'
System info: host: 'LAPTOP-0MU7EG7P', ip: '192.168.1.160', os.name: 'Windows 10', os.arch: 'amd64', os.version: '10.0', java.version: '1.8.0_231'
Driver info: org.openqa.selenium.chrome.ChromeDriver
Capabilities {acceptInsecureCerts: false, browserName: chrome, browserVersion: 98.0.4758.102, chrome: {chromedriverVersion: 98.0.4758.102 (273bf7ac8c90..., userDataDir: C:\Users\vijay\AppData\Loca...}, goog:chromeOptions: {debuggerAddress: localhost:52259}, javascriptEnabled: true, networkConnectionEnabled: false, pageLoadStrategy: normal, platform: WINDOWS, platformName: WINDOWS, proxy: Proxy(), setWindowRect: true, strictFileInteractability: false, timeouts: {implicit: 0, pageLoad: 300000, script: 30000}, unhandledPromptBehavior: dismiss and notify, webauthn:extension:credBlob: true, webauthn:extension:largeBlob: true, webauthn:virtualAuthenticators: true}
Session ID: 6d1ba71c00f4f52a67ed71e4d832ba3d
*** Element info: {Using=xpath, value=//div[@id='div_graph_display_emp_distribution']/span[@id='pieLabel4']/div}
at org.openqa.selenium.remote.http.W3CHttpResponseCodec.createException(W3CHttpResponseCodec.java:187)
at org.openqa.selenium.remote.http.W3CHttpResponseCodec.decode(W3CHttpResponseCodec.java:122)
at org.openqa.selenium.remote.http.W3CHttpResponseCodec.decode(W3CHttpResponseCodec.java:49)
at org.openqa.selenium.remote.HttpCommandExecutor.execute(HttpCommandExecutor.java:158)
at org.openqa.selenium.remote.service.DriverCommandExecutor.execute(DriverCommandExecutor.java:83)
at org.openqa.selenium.remote.RemoteWebDriver.execute(RemoteWebDriver.java:552)
at org.openqa.selenium.remote.RemoteWebDriver.findElement(RemoteWebDriver.java:323)
at org.openqa.selenium.remote.RemoteWebDriver.findElementByXPath(RemoteWebDriver.java:428)
at org.openqa.selenium.By$ByXPath.findElement(By.java:353)
at org.openqa.selenium.remote.RemoteWebDriver.findElement(RemoteWebDriver.java:315)
at com.orangeHRM.qa.pages.DashboardPage.getTooltipTotalPercentage(DashboardPage.java:216)
at com.orangeHRM.qa.testcases.DashboardPageTest.dashboardTesting(DashboardPageTest.java:154)
at java.util.ArrayList.forEach(ArrayList.java:1257)
... Removed 31 stack frames]]>
    </failure>
  </testcase> <!-- dashboardTesting -->
  <testcase name="modulesTesting" time="0.001" classname="com.orangeHRM.qa.testcases.ModulesPageTest"/>
  <testcase name="setcontext" time="0.001" classname="com.orangeHRM.qa.testcases.MyEntitlementsPageTest"/>
  <testcase name="verifyMyEntitlementTestPage" time="3.707" classname="com.orangeHRM.qa.testcases.MyEntitlementsPageTest">
    <failure type="org.openqa.selenium.NoSuchElementException" message="no such element: Unable to locate element: {&amp;quot;method&amp;quot;:&amp;quot;xpath&amp;quot;,&amp;quot;selector&amp;quot;:&amp;quot;//input[@name=&amp;apos;chkSelectRow[]&amp;apos;]&amp;quot;}
  (Session info: chrome=98.0.4758.102)
For documentation on this error, please visit: https://www.seleniumhq.org/exceptions/no_such_element.html
Build info: version: &amp;apos;3.141.59&amp;apos;, revision: &amp;apos;e82be7d358&amp;apos;, time: &amp;apos;2018-11-14T08:17:03&amp;apos;
System info: host: &amp;apos;LAPTOP-0MU7EG7P&amp;apos;, ip: &amp;apos;192.168.1.160&amp;apos;, os.name: &amp;apos;Windows 10&amp;apos;, os.arch: &amp;apos;amd64&amp;apos;, os.version: &amp;apos;10.0&amp;apos;, java.version: &amp;apos;1.8.0_231&amp;apos;
Driver info: org.openqa.selenium.chrome.ChromeDriver
Capabilities {acceptInsecureCerts: false, browserName: chrome, browserVersion: 98.0.4758.102, chrome: {chromedriverVersion: 98.0.4758.102 (273bf7ac8c90..., userDataDir: C:\Users\vijay\AppData\Loca...}, goog:chromeOptions: {debuggerAddress: localhost:52404}, javascriptEnabled: true, networkConnectionEnabled: false, pageLoadStrategy: normal, platform: WINDOWS, platformName: WINDOWS, proxy: Proxy(), setWindowRect: true, strictFileInteractability: false, timeouts: {implicit: 0, pageLoad: 300000, script: 30000}, unhandledPromptBehavior: dismiss and notify, webauthn:extension:credBlob: true, webauthn:extension:largeBlob: true, webauthn:virtualAuthenticators: true}
Session ID: 596de9464355f7a271808975b6378fd7
*** Element info: {Using=xpath, value=//input[@name=&amp;apos;chkSelectRow[]&amp;apos;]}">
      <![CDATA[org.openqa.selenium.NoSuchElementException: no such element: Unable to locate element: {"method":"xpath","selector":"//input[@name='chkSelectRow[]']"}
  (Session info: chrome=98.0.4758.102)
For documentation on this error, please visit: https://www.seleniumhq.org/exceptions/no_such_element.html
Build info: version: '3.141.59', revision: 'e82be7d358', time: '2018-11-14T08:17:03'
System info: host: 'LAPTOP-0MU7EG7P', ip: '192.168.1.160', os.name: 'Windows 10', os.arch: 'amd64', os.version: '10.0', java.version: '1.8.0_231'
Driver info: org.openqa.selenium.chrome.ChromeDriver
Capabilities {acceptInsecureCerts: false, browserName: chrome, browserVersion: 98.0.4758.102, chrome: {chromedriverVersion: 98.0.4758.102 (273bf7ac8c90..., userDataDir: C:\Users\vijay\AppData\Loca...}, goog:chromeOptions: {debuggerAddress: localhost:52404}, javascriptEnabled: true, networkConnectionEnabled: false, pageLoadStrategy: normal, platform: WINDOWS, platformName: WINDOWS, proxy: Proxy(), setWindowRect: true, strictFileInteractability: false, timeouts: {implicit: 0, pageLoad: 300000, script: 30000}, unhandledPromptBehavior: dismiss and notify, webauthn:extension:credBlob: true, webauthn:extension:largeBlob: true, webauthn:virtualAuthenticators: true}
Session ID: 596de9464355f7a271808975b6378fd7
*** Element info: {Using=xpath, value=//input[@name='chkSelectRow[]']}
at org.openqa.selenium.remote.http.W3CHttpResponseCodec.createException(W3CHttpResponseCodec.java:187)
at org.openqa.selenium.remote.http.W3CHttpResponseCodec.decode(W3CHttpResponseCodec.java:122)
at org.openqa.selenium.remote.http.W3CHttpResponseCodec.decode(W3CHttpResponseCodec.java:49)
at org.openqa.selenium.remote.HttpCommandExecutor.execute(HttpCommandExecutor.java:158)
at org.openqa.selenium.remote.service.DriverCommandExecutor.execute(DriverCommandExecutor.java:83)
at org.openqa.selenium.remote.RemoteWebDriver.execute(RemoteWebDriver.java:552)
at org.openqa.selenium.remote.RemoteWebDriver.findElement(RemoteWebDriver.java:323)
at org.openqa.selenium.remote.RemoteWebDriver.findElementByXPath(RemoteWebDriver.java:428)
at org.openqa.selenium.By$ByXPath.findElement(By.java:353)
at org.openqa.selenium.remote.RemoteWebDriver.findElement(RemoteWebDriver.java:315)
at com.orangeHRM.qa.pages.EmployeeEntitlementsPage.clickonaddCheckBox(EmployeeEntitlementsPage.java:52)
at com.orangeHRM.qa.testcases.MyEntitlementsPageTest.verifyMyEntitlementTestPage(MyEntitlementsPageTest.java:93)
at java.util.ArrayList.forEach(ArrayList.java:1257)
... Removed 31 stack frames]]>
    </failure>
  </testcase> <!-- verifyMyEntitlementTestPage -->
  <testcase name="validatingJobAdminSubMenuDisplay" time="0.586" classname="com.orangeHRM.qa.testcases.JobAdminPageTest"/>
  <testcase name="jobAdminTesting" time="0.001" classname="com.orangeHRM.qa.testcases.JobAdminPageTest"/>
  <testcase name="validatingUserManagementSubMenuDisplay" time="0.407" classname="com.orangeHRM.qa.testcases.OrganizationPageTest"/>
  <testcase name="organizationTesting" time="0.0" classname="com.orangeHRM.qa.testcases.OrganizationPageTest"/>
  <testcase name="validatingProjectInfoSubMenuDisplay" time="0.353" classname="com.orangeHRM.qa.testcases.ProjectInfoPageTest"/>
  <testcase name="projectInfoTesting" time="0.001" classname="com.orangeHRM.qa.testcases.ProjectInfoPageTest"/>
  <testcase name="verifyCommonElements" time="0.48" classname="com.orangeHRM.qa.testcases.BaseVerificationTest"/>
  <testcase name="verifyCommonElementsAfterLogin" time="2.85" classname="com.orangeHRM.qa.testcases.BaseVerificationTest"/>
  <testcase name="verifyingTitleBarElementsDisplay" time="0.866" classname="com.orangeHRM.qa.testcases.BaseVerificationTest"/>
  <testcase name="verifyingNavigation" time="14.512" classname="com.orangeHRM.qa.testcases.BaseVerificationTest"/>
  <testcase name="helpIdClick" time="3.793" classname="com.orangeHRM.qa.testcases.BaseVerificationTest"/>
  <testcase name="afterLoginLogoClick" time="4.484" classname="com.orangeHRM.qa.testcases.BaseVerificationTest"/>
  <testcase name="leavePeriodTesting" time="0.001" classname="com.orangeHRM.qa.testcases.LeavePeriodPageTest"/>
  <testcase name="trackersTesting" time="0.001" classname="com.orangeHRM.qa.testcases.TrackersPageTest"/>
  <testcase name="localizationTesting" time="0.001" classname="com.orangeHRM.qa.testcases.LocalizationPageTest"/>
  <testcase name="reportingMethodsPIMTesting" time="0.0" classname="com.orangeHRM.qa.testcases.ReportingMethodsPIMPageTest"/>
  <testcase name="validatingUserManagementSubMenuDisplay" time="0.259" classname="com.orangeHRM.qa.testcases.UserManagementPageTest"/>
  <testcase name="userManagementTesting" time="0.001" classname="com.orangeHRM.qa.testcases.UserManagementPageTest"/>
  <testcase name="dataImportPIMTesting" time="0.001" classname="com.orangeHRM.qa.testcases.DataImportPIMPageTest"/>
  <testcase name="validatingUserManagementSubMenuDisplay" time="0.573" classname="com.orangeHRM.qa.testcases.QualificationsPageTest"/>
  <testcase name="qualificationsTesting" time="0.0" classname="com.orangeHRM.qa.testcases.QualificationsPageTest"/>
  <testcase name="licensesTesting" time="0.0" classname="com.orangeHRM.qa.testcases.LicensesPageTest"/>
  <testcase name="addEmployeePIMTesting" time="0.001" classname="com.orangeHRM.qa.testcases.AddEmployeePIMPageTest"/>
  <testcase name="validatingConfigurePerformanceSubMenuDisplay" time="0.338" classname="com.orangeHRM.qa.testcases.ConfigurePerformancePageTest"/>
  <testcase name="configurePerformanceTesting" time="0.0" classname="com.orangeHRM.qa.testcases.ConfigurePerformancePageTest"/>
  <testcase name="myReviewsTesting" time="0.001" classname="com.orangeHRM.qa.testcases.MyReviewsPageTest"/>
  <testcase name="addEntitlement" time="0.001" classname="com.orangeHRM.qa.testcases.AddEntitlementPageTest"/>
  <testcase name="setcontext" time="0.002" classname="com.orangeHRM.qa.testcases.AddEntitlementPageTest"/>
  <testcase name="verifyAddEntitlementsTestPage" time="7.132" classname="com.orangeHRM.qa.testcases.AddEntitlementPageTest"/>
  <testcase name="employeeReportsTesting" time="0.0" classname="com.orangeHRM.qa.testcases.EmployeeReportsPageTest"/>
  <testcase name="locationsTesting" time="0.0" classname="com.orangeHRM.qa.testcases.LocationsPageTest"/>
  <testcase name="validatingPIMSubMenuDisplay" time="0.819" classname="com.orangeHRM.qa.testcases.PIMPageTest"/>
  <testcase name="verifyColorsOfSubmenuInPim" time="1.153" classname="com.orangeHRM.qa.testcases.PIMPageTest"/>
  <testcase name="workWeekTesting" time="0.001" classname="com.orangeHRM.qa.testcases.WorkWeekPageTest"/>
  <testcase name="validateDependentsButton_bgcolor" time="0.2" classname="com.orangeHRM.qa.testcases.DepenedentsPageTest"/>
  <testcase name="validatingMandatoryFieldsbeforeEnteringValues" time="0.519" classname="com.orangeHRM.qa.testcases.DepenedentsPageTest"/>
  <testcase name="setcontext1" time="0.0" classname="com.orangeHRM.qa.testcases.DepenedentsPageTest"/>
  <testcase name="dependentsTesting" time="1.572" classname="com.orangeHRM.qa.testcases.DepenedentsPageTest"/>
  <testcase name="validatingRelationShipDropdownOptionsSort" time="0.132" classname="com.orangeHRM.qa.testcases.DepenedentsPageTest"/>
  <testcase name="validatingRelationShipDropdownOptionsDuplicates" time="0.125" classname="com.orangeHRM.qa.testcases.DepenedentsPageTest"/>
  <testcase name="verifyDateOfBirthFormat" time="0.08" classname="com.orangeHRM.qa.testcases.DepenedentsPageTest"/>
  <testcase name="validatingMandatoryFieldsAfterEnteringValues" time="0.154" classname="com.orangeHRM.qa.testcases.DepenedentsPageTest"/>
  <testcase name="saveDependent" time="1.324" classname="com.orangeHRM.qa.testcases.DepenedentsPageTest"/>
  <testcase name="cancelDependent" time="0.305" classname="com.orangeHRM.qa.testcases.DepenedentsPageTest"/>
  <testcase name="dependentTableHeaderValidation" time="0.406" classname="com.orangeHRM.qa.testcases.DepenedentsPageTest"/>
  <testcase name="setcontext2" time="0.0" classname="com.orangeHRM.qa.testcases.DepenedentsPageTest"/>
  <testcase name="editDependents" time="2.12" classname="com.orangeHRM.qa.testcases.DepenedentsPageTest"/>
  <testcase name="deletingSingle_Dependent" time="1.056" classname="com.orangeHRM.qa.testcases.DepenedentsPageTest"/>
  <testcase name="deletingall_Dependents" time="0.054" classname="com.orangeHRM.qa.testcases.DepenedentsPageTest"/>
  <testcase name="setcontext" time="0.0" classname="com.orangeHRM.qa.testcases.DepenedentsPageTest"/>
  <testcase name="dependentsAttachmentTesting" time="13.573" classname="com.orangeHRM.qa.testcases.DepenedentsPageTest"/>
  <testcase name="tableHeaderValidation" time="0.902" classname="com.orangeHRM.qa.testcases.DepenedentsPageTest"/>
  <testcase name="toolTipValidation" time="0.229" classname="com.orangeHRM.qa.testcases.DepenedentsPageTest"/>
  <testcase name="clickingOnEditLink" time="18.341" classname="com.orangeHRM.qa.testcases.DepenedentsPageTest"/>
  <testcase name="example_VerifyDownloadWithFileName" time="4.194" classname="com.orangeHRM.qa.testcases.DepenedentsPageTest"/>
  <testcase name="deletingSingle_Attatchment" time="1.208" classname="com.orangeHRM.qa.testcases.DepenedentsPageTest"/>
  <testcase name="deletingall_Attatchments" time="0.001" classname="com.orangeHRM.qa.testcases.DepenedentsPageTest"/>
  <testcase name="kPIsTesting" time="0.001" classname="com.orangeHRM.qa.testcases.KPIsPageTest"/>
  <testcase name="validatingAttendanceSubMenuDisplay" time="0.477" classname="com.orangeHRM.qa.testcases.AttendancePageTest"/>
  <testcase name="attendanceTesting" time="0.0" classname="com.orangeHRM.qa.testcases.AttendancePageTest"/>
  <testcase name="projectReportsTesting" time="0.001" classname="com.orangeHRM.qa.testcases.ProjectReportsPageTest"/>
  <testcase name="configurationTimeTesting" time="0.006" classname="com.orangeHRM.qa.testcases.ConfigurationTimePageTest"/>
  <testcase name="validatingMandatoryFieldsbeforeEnteringValues" time="0.416" classname="com.orangeHRM.qa.testcases.AssignLeavePageTest"/>
  <testcase name="setcontext" time="0.0" classname="com.orangeHRM.qa.testcases.AssignLeavePageTest"/>
  <testcase name="assignLeaveTesting" time="40.423" classname="com.orangeHRM.qa.testcases.AssignLeavePageTest"/>
  <testcase name="validatingLeaveBalanceDropdownOptionsSort" time="0.299" classname="com.orangeHRM.qa.testcases.AssignLeavePageTest"/>
  <testcase name="validatingLeaveBalanceDropdownOptionsDuplicates" time="0.166" classname="com.orangeHRM.qa.testcases.AssignLeavePageTest"/>
  <testcase name="verifyEmpNameContainsCharacters" time="0.064" classname="com.orangeHRM.qa.testcases.AssignLeavePageTest"/>
  <testcase name="verifyToDateShouldBeAfterFromDate" time="0.126" classname="com.orangeHRM.qa.testcases.AssignLeavePageTest"/>
  <testcase name="verifyCommentsCharacters" time="0.061" classname="com.orangeHRM.qa.testcases.AssignLeavePageTest"/>
  <testcase name="verifyFromDateFormat" time="0.044" classname="com.orangeHRM.qa.testcases.AssignLeavePageTest"/>
  <testcase name="verifyToDateFormat" time="0.061" classname="com.orangeHRM.qa.testcases.AssignLeavePageTest"/>
  <testcase name="validatingMandatoryFields" time="0.334" classname="com.orangeHRM.qa.testcases.AssignLeavePageTest"/>
  <testcase name="verifyPartialDaysAsNone" time="0.202" classname="com.orangeHRM.qa.testcases.AssignLeavePageTest"/>
  <testcase name="verifyPartialDaysAsAllDays" time="2.109" classname="com.orangeHRM.qa.testcases.AssignLeavePageTest"/>
  <testcase name="verifyPartialDaysAsStartDayOnly" time="1.767" classname="com.orangeHRM.qa.testcases.AssignLeavePageTest"/>
  <testcase name="verifyPartialDaysAsEndDayOnly" time="3.078" classname="com.orangeHRM.qa.testcases.AssignLeavePageTest"/>
  <testcase name="verifyPartialDaysAsStartandEndDay" time="4.174" classname="com.orangeHRM.qa.testcases.AssignLeavePageTest"/>
  <testcase name="validatingLeaveSubMenuDisplay" time="1.054" classname="com.orangeHRM.qa.testcases.LeavePageTest"/>
  <testcase name="verifyColurOfSubMenu" time="1.45" classname="com.orangeHRM.qa.testcases.LeavePageTest"/>
  <testcase name="educationTesting" time="0.001" classname="com.orangeHRM.qa.testcases.EducationPageTest"/>
  <testcase name="customersTesting" time="0.0" classname="com.orangeHRM.qa.testcases.CustomersPageTest"/>
  <testcase name="colorValidationForAddandDeleteButtonsInCustProjInfo" time="0.097" classname="com.orangeHRM.qa.testcases.CustomersPageTest"/>
  <testcase name="mandatoryFieldValidationCustProjInfo" time="1.121" classname="com.orangeHRM.qa.testcases.CustomersPageTest"/>
  <testcase name="setcontextCustProjInfo" time="0.0" classname="com.orangeHRM.qa.testcases.CustomersPageTest"/>
  <testcase name="tableValidatingCustProjInfo" time="2.243" classname="com.orangeHRM.qa.testcases.CustomersPageTest"/>
  <testcase name="verifyAddCustomerProjInfo" time="4.599" classname="com.orangeHRM.qa.testcases.CustomersPageTest"/>
  <testcase name="verifyAddCustomerProjInfo" time="4.6" classname="com.orangeHRM.qa.testcases.CustomersPageTest"/>
  <testcase name="setcontextEditCustomerProjInfo" time="0.002" classname="com.orangeHRM.qa.testcases.CustomersPageTest"/>
  <testcase name="editCustProjInfo" time="5.708" classname="com.orangeHRM.qa.testcases.CustomersPageTest"/>
  <testcase name="deletingSingleanddouble_Customer" time="6.171" classname="com.orangeHRM.qa.testcases.CustomersPageTest"/>
  <testcase name="deletingall_CustProjInfo" time="3.412" classname="com.orangeHRM.qa.testcases.CustomersPageTest"/>
  <testcase name="ascendingOrderSorting_CustprojInfo" time="0.945" classname="com.orangeHRM.qa.testcases.CustomersPageTest"/>
  <testcase name="descendingOrderSorting_CustprojInfo" time="0.906" classname="com.orangeHRM.qa.testcases.CustomersPageTest"/>
  <testcase name="validatingManageReviewsSubMenuDisplay" time="0.438" classname="com.orangeHRM.qa.testcases.ManageReviewsPageTest"/>
  <testcase name="manageReviewsTesting" time="0.0" classname="com.orangeHRM.qa.testcases.ManageReviewsPageTest"/>
  <testcase name="optionalFieldsPIMTesting" time="0.0" classname="com.orangeHRM.qa.testcases.OptionalFieldsPIMPageTest"/>
  <testcase name="validateQualifiation_MyInfoButton_bgcolor" time="0.237" classname="com.orangeHRM.qa.testcases.Qualifiation_MyInfoPageTest"/>
  <testcase name="colorValidationForAddandDeleteButtons" time="0.108" classname="com.orangeHRM.qa.testcases.Qualifiation_MyInfoPageTest"/>
  <testcase name="mandatoryFieldValidationWrkExp" time="0.416" classname="com.orangeHRM.qa.testcases.Qualifiation_MyInfoPageTest"/>
  <testcase name="setcontextWrkExp" time="0.001" classname="com.orangeHRM.qa.testcases.Qualifiation_MyInfoPageTest"/>
  <testcase name="verifyAddWorkExperience" time="3.592" classname="com.orangeHRM.qa.testcases.Qualifiation_MyInfoPageTest">
    <failure type="org.openqa.selenium.NoSuchElementException" message="Cannot locate option with value: 10.0
For documentation on this error, please visit: https://www.seleniumhq.org/exceptions/no_such_element.html
Build info: version: &amp;apos;3.141.59&amp;apos;, revision: &amp;apos;e82be7d358&amp;apos;, time: &amp;apos;2018-11-14T08:17:03&amp;apos;
System info: host: &amp;apos;LAPTOP-0MU7EG7P&amp;apos;, ip: &amp;apos;192.168.1.160&amp;apos;, os.name: &amp;apos;Windows 10&amp;apos;, os.arch: &amp;apos;amd64&amp;apos;, os.version: &amp;apos;10.0&amp;apos;, java.version: &amp;apos;1.8.0_231&amp;apos;
Driver info: driver.version: unknown">
      <![CDATA[org.openqa.selenium.NoSuchElementException: Cannot locate option with value: 10.0
For documentation on this error, please visit: https://www.seleniumhq.org/exceptions/no_such_element.html
Build info: version: '3.141.59', revision: 'e82be7d358', time: '2018-11-14T08:17:03'
System info: host: 'LAPTOP-0MU7EG7P', ip: '192.168.1.160', os.name: 'Windows 10', os.arch: 'amd64', os.version: '10.0', java.version: '1.8.0_231'
Driver info: driver.version: unknown
at org.openqa.selenium.support.ui.Select.findOptionsByValue(Select.java:283)
at org.openqa.selenium.support.ui.Select.selectByValue(Select.java:186)
at com.orangeHRM.qa.util.DropDownUtil.selectbyvalue(DropDownUtil.java:16)
at com.orangeHRM.qa.testcases.Qualifiation_MyInfoPageTest.verifyAddWorkExperience(Qualifiation_MyInfoPageTest.java:134)
at java.util.ArrayList.forEach(ArrayList.java:1257)
... Removed 27 stack frames]]>
    </failure>
  </testcase> <!-- verifyAddWorkExperience -->
  <testcase name="verifyAddWorkExperience" time="0.05" classname="com.orangeHRM.qa.testcases.Qualifiation_MyInfoPageTest">
    <failure type="org.openqa.selenium.ElementNotInteractableException" message="element not interactable
  (Session info: chrome=98.0.4758.102)
Build info: version: &amp;apos;3.141.59&amp;apos;, revision: &amp;apos;e82be7d358&amp;apos;, time: &amp;apos;2018-11-14T08:17:03&amp;apos;
System info: host: &amp;apos;LAPTOP-0MU7EG7P&amp;apos;, ip: &amp;apos;192.168.1.160&amp;apos;, os.name: &amp;apos;Windows 10&amp;apos;, os.arch: &amp;apos;amd64&amp;apos;, os.version: &amp;apos;10.0&amp;apos;, java.version: &amp;apos;1.8.0_231&amp;apos;
Driver info: org.openqa.selenium.chrome.ChromeDriver
Capabilities {acceptInsecureCerts: false, browserName: chrome, browserVersion: 98.0.4758.102, chrome: {chromedriverVersion: 98.0.4758.102 (273bf7ac8c90..., userDataDir: C:\Users\vijay\AppData\Loca...}, goog:chromeOptions: {debuggerAddress: localhost:54151}, javascriptEnabled: true, networkConnectionEnabled: false, pageLoadStrategy: normal, platform: WINDOWS, platformName: WINDOWS, proxy: Proxy(), setWindowRect: true, strictFileInteractability: false, timeouts: {implicit: 0, pageLoad: 300000, script: 30000}, unhandledPromptBehavior: dismiss and notify, webauthn:extension:credBlob: true, webauthn:extension:largeBlob: true, webauthn:virtualAuthenticators: true}
Session ID: d3681b366d849512eac22f2bc79193d5">
      <![CDATA[org.openqa.selenium.ElementNotInteractableException: element not interactable
  (Session info: chrome=98.0.4758.102)
Build info: version: '3.141.59', revision: 'e82be7d358', time: '2018-11-14T08:17:03'
System info: host: 'LAPTOP-0MU7EG7P', ip: '192.168.1.160', os.name: 'Windows 10', os.arch: 'amd64', os.version: '10.0', java.version: '1.8.0_231'
Driver info: org.openqa.selenium.chrome.ChromeDriver
Capabilities {acceptInsecureCerts: false, browserName: chrome, browserVersion: 98.0.4758.102, chrome: {chromedriverVersion: 98.0.4758.102 (273bf7ac8c90..., userDataDir: C:\Users\vijay\AppData\Loca...}, goog:chromeOptions: {debuggerAddress: localhost:54151}, javascriptEnabled: true, networkConnectionEnabled: false, pageLoadStrategy: normal, platform: WINDOWS, platformName: WINDOWS, proxy: Proxy(), setWindowRect: true, strictFileInteractability: false, timeouts: {implicit: 0, pageLoad: 300000, script: 30000}, unhandledPromptBehavior: dismiss and notify, webauthn:extension:credBlob: true, webauthn:extension:largeBlob: true, webauthn:virtualAuthenticators: true}
Session ID: d3681b366d849512eac22f2bc79193d5
at org.openqa.selenium.remote.http.W3CHttpResponseCodec.createException(W3CHttpResponseCodec.java:187)
at org.openqa.selenium.remote.http.W3CHttpResponseCodec.decode(W3CHttpResponseCodec.java:122)
at org.openqa.selenium.remote.http.W3CHttpResponseCodec.decode(W3CHttpResponseCodec.java:49)
at org.openqa.selenium.remote.HttpCommandExecutor.execute(HttpCommandExecutor.java:158)
at org.openqa.selenium.remote.service.DriverCommandExecutor.execute(DriverCommandExecutor.java:83)
at org.openqa.selenium.remote.RemoteWebDriver.execute(RemoteWebDriver.java:552)
at org.openqa.selenium.remote.RemoteWebElement.execute(RemoteWebElement.java:285)
at org.openqa.selenium.remote.RemoteWebElement.click(RemoteWebElement.java:84)
at com.orangeHRM.qa.testcases.Qualifiation_MyInfoPageTest.verifyAddWorkExperience(Qualifiation_MyInfoPageTest.java:121)
at java.util.ArrayList.forEach(ArrayList.java:1257)
... Removed 31 stack frames]]>
    </failure>
  </testcase> <!-- verifyAddWorkExperience -->
  <testcase name="tableValidatingWrkExp" time="0.536" classname="com.orangeHRM.qa.testcases.Qualifiation_MyInfoPageTest"/>
  <testcase name="setcontextWrkExpEdit" time="0.0" classname="com.orangeHRM.qa.testcases.Qualifiation_MyInfoPageTest"/>
  <testcase name="editWorkExperience" time="0.001" classname="com.orangeHRM.qa.testcases.Qualifiation_MyInfoPageTest">
    <skipped/>
  </testcase> <!-- editWorkExperience -->
  <testcase name="deletingSingle_WorkExp" time="0.0" classname="com.orangeHRM.qa.testcases.Qualifiation_MyInfoPageTest">
    <skipped/>
  </testcase> <!-- deletingSingle_WorkExp -->
  <testcase name="deletingall_WorkExperience" time="0.0" classname="com.orangeHRM.qa.testcases.Qualifiation_MyInfoPageTest"/>
  <testcase name="mandatoryFieldValidation" time="0.396" classname="com.orangeHRM.qa.testcases.Qualifiation_MyInfoPageTest"/>
  <testcase name="setcontext" time="0.001" classname="com.orangeHRM.qa.testcases.Qualifiation_MyInfoPageTest"/>
  <testcase name="verifyAddEducationTesting" time="7.886" classname="com.orangeHRM.qa.testcases.Qualifiation_MyInfoPageTest"/>
  <testcase name="edutableValidating" time="0.322" classname="com.orangeHRM.qa.testcases.Qualifiation_MyInfoPageTest"/>
  <testcase name="leveldropdownSortedOrNot" time="0.185" classname="com.orangeHRM.qa.testcases.Qualifiation_MyInfoPageTest"/>
  <testcase name="validatingLevelDropdownOptionsDuplicates" time="0.121" classname="com.orangeHRM.qa.testcases.Qualifiation_MyInfoPageTest">
    <failure type="java.lang.AssertionError" message="expected [1] but found [6]">
      <![CDATA[java.lang.AssertionError: expected [1] but found [6]
at com.orangeHRM.qa.testcases.Qualifiation_MyInfoPageTest.validatingLevelDropdownOptionsDuplicates(Qualifiation_MyInfoPageTest.java:434)
at java.util.ArrayList.forEach(ArrayList.java:1257)
... Removed 32 stack frames]]>
    </failure>
  </testcase> <!-- validatingLevelDropdownOptionsDuplicates -->
  <testcase name="verifystartDateFormat" time="0.061" classname="com.orangeHRM.qa.testcases.Qualifiation_MyInfoPageTest">
    <failure type="java.lang.AssertionError" message="did not expect to find [true] but found [false]">
      <![CDATA[java.lang.AssertionError: did not expect to find [true] but found [false]
at com.orangeHRM.qa.testcases.Qualifiation_MyInfoPageTest.verifystartDateFormat(Qualifiation_MyInfoPageTest.java:461)
at java.util.ArrayList.forEach(ArrayList.java:1257)
... Removed 31 stack frames]]>
    </failure>
  </testcase> <!-- verifystartDateFormat -->
  <testcase name="setcontext3" time="0.001" classname="com.orangeHRM.qa.testcases.Qualifiation_MyInfoPageTest"/>
  <testcase name="editEducationTesting" time="5.215" classname="com.orangeHRM.qa.testcases.Qualifiation_MyInfoPageTest"/>
  <testcase name="deletingSingle_Education" time="1.395" classname="com.orangeHRM.qa.testcases.Qualifiation_MyInfoPageTest"/>
  <testcase name="deletingall_Education" time="1.246" classname="com.orangeHRM.qa.testcases.Qualifiation_MyInfoPageTest"/>
  <testcase name="setcontext5" time="0.0" classname="com.orangeHRM.qa.testcases.Qualifiation_MyInfoPageTest"/>
  <testcase name="verifyAddSkillTesting" time="1.549" classname="com.orangeHRM.qa.testcases.Qualifiation_MyInfoPageTest"/>
  <testcase name="skilltableValidating" time="0.21" classname="com.orangeHRM.qa.testcases.Qualifiation_MyInfoPageTest"/>
  <testcase name="skilldropdownSortedOrNot" time="0.456" classname="com.orangeHRM.qa.testcases.Qualifiation_MyInfoPageTest"/>
  <testcase name="validatingskillDropdownOptionsDuplicates" time="0.306" classname="com.orangeHRM.qa.testcases.Qualifiation_MyInfoPageTest">
    <failure type="java.lang.AssertionError" message="expected [1] but found [23]">
      <![CDATA[java.lang.AssertionError: expected [1] but found [23]
at com.orangeHRM.qa.testcases.Qualifiation_MyInfoPageTest.validatingskillDropdownOptionsDuplicates(Qualifiation_MyInfoPageTest.java:667)
at java.util.ArrayList.forEach(ArrayList.java:1257)
... Removed 32 stack frames]]>
    </failure>
  </testcase> <!-- validatingskillDropdownOptionsDuplicates -->
  <testcase name="setcontext6" time="0.001" classname="com.orangeHRM.qa.testcases.Qualifiation_MyInfoPageTest"/>
  <testcase name="editSkillTesting" time="0.071" classname="com.orangeHRM.qa.testcases.Qualifiation_MyInfoPageTest">
    <failure type="org.testng.internal.reflect.MethodMatcherException" message="
[public void com.orangeHRM.qa.testcases.Qualifiation_MyInfoPageTest.editSkillTesting(java.lang.String,java.lang.String,java.lang.String) throws java.lang.Exception] has no parameters defined but was found to be using a data provider (either explicitly specified or inherited from class level annotation).
Data provider mismatch
Method: editSkillTesting([Parameter{index=0, type=java.lang.String, declaredAnnotations=[]}, Parameter{index=1, type=java.lang.String, declaredAnnotations=[]}, Parameter{index=2, type=java.lang.String, declaredAnnotations=[]}])
Arguments: [(java.lang.String) sai,(java.lang.String) mani,(java.lang.String) mani@123.com,(java.lang.String) 123456789,(java.lang.String) 1,(java.lang.String) hi,(java.lang.String) no comments to enter,(java.lang.String) 2021-12-02]">
      <![CDATA[org.testng.internal.reflect.MethodMatcherException: 
[public void com.orangeHRM.qa.testcases.Qualifiation_MyInfoPageTest.editSkillTesting(java.lang.String,java.lang.String,java.lang.String) throws java.lang.Exception] has no parameters defined but was found to be using a data provider (either explicitly specified or inherited from class level annotation).
Data provider mismatch
Method: editSkillTesting([Parameter{index=0, type=java.lang.String, declaredAnnotations=[]}, Parameter{index=1, type=java.lang.String, declaredAnnotations=[]}, Parameter{index=2, type=java.lang.String, declaredAnnotations=[]}])
Arguments: [(java.lang.String) sai,(java.lang.String) mani,(java.lang.String) mani@123.com,(java.lang.String) 123456789,(java.lang.String) 1,(java.lang.String) hi,(java.lang.String) no comments to enter,(java.lang.String) 2021-12-02]
at java.util.ArrayList.forEach(ArrayList.java:1257)
... Removed 22 stack frames]]>
    </failure>
  </testcase> <!-- editSkillTesting -->
  <testcase name="deletingSingle_skill" time="13.292" classname="com.orangeHRM.qa.testcases.Qualifiation_MyInfoPageTest"/>
  <testcase name="deletingall_Skills" time="0.001" classname="com.orangeHRM.qa.testcases.Qualifiation_MyInfoPageTest"/>
  <testcase name="setcontext10" time="0.0" classname="com.orangeHRM.qa.testcases.Qualifiation_MyInfoPageTest"/>
  <testcase name="validateLangaugesSection_Qualification" time="0.0" classname="com.orangeHRM.qa.testcases.Qualifiation_MyInfoPageTest">
    <skipped/>
  </testcase> <!-- validateLangaugesSection_Qualification -->
  <testcase name="mandatoryLicenseFieldValidationLicen" time="0.379" classname="com.orangeHRM.qa.testcases.Qualifiation_MyInfoPageTest"/>
  <testcase name="setcontextLicense" time="0.0" classname="com.orangeHRM.qa.testcases.Qualifiation_MyInfoPageTest"/>
  <testcase name="verifyAddLicense" time="17.702" classname="com.orangeHRM.qa.testcases.Qualifiation_MyInfoPageTest">
    <failure type="org.openqa.selenium.NoSuchElementException" message="Cannot locate option with value: 2012.0
For documentation on this error, please visit: https://www.seleniumhq.org/exceptions/no_such_element.html
Build info: version: &amp;apos;3.141.59&amp;apos;, revision: &amp;apos;e82be7d358&amp;apos;, time: &amp;apos;2018-11-14T08:17:03&amp;apos;
System info: host: &amp;apos;LAPTOP-0MU7EG7P&amp;apos;, ip: &amp;apos;192.168.1.160&amp;apos;, os.name: &amp;apos;Windows 10&amp;apos;, os.arch: &amp;apos;amd64&amp;apos;, os.version: &amp;apos;10.0&amp;apos;, java.version: &amp;apos;1.8.0_231&amp;apos;
Driver info: driver.version: unknown">
      <![CDATA[org.openqa.selenium.NoSuchElementException: Cannot locate option with value: 2012.0
For documentation on this error, please visit: https://www.seleniumhq.org/exceptions/no_such_element.html
Build info: version: '3.141.59', revision: 'e82be7d358', time: '2018-11-14T08:17:03'
System info: host: 'LAPTOP-0MU7EG7P', ip: '192.168.1.160', os.name: 'Windows 10', os.arch: 'amd64', os.version: '10.0', java.version: '1.8.0_231'
Driver info: driver.version: unknown
at org.openqa.selenium.support.ui.Select.findOptionsByValue(Select.java:283)
at org.openqa.selenium.support.ui.Select.selectByValue(Select.java:186)
at com.orangeHRM.qa.util.DropDownUtil.selectbyvalue(DropDownUtil.java:16)
at com.orangeHRM.qa.testcases.Qualifiation_MyInfoPageTest.verifyAddLicense(Qualifiation_MyInfoPageTest.java:848)
at java.util.ArrayList.forEach(ArrayList.java:1257)
... Removed 27 stack frames]]>
    </failure>
  </testcase> <!-- verifyAddLicense -->
  <testcase name="verifyAddLicense" time="13.122" classname="com.orangeHRM.qa.testcases.Qualifiation_MyInfoPageTest">
    <failure type="org.openqa.selenium.ElementNotInteractableException" message="element not interactable
  (Session info: chrome=98.0.4758.102)
Build info: version: &amp;apos;3.141.59&amp;apos;, revision: &amp;apos;e82be7d358&amp;apos;, time: &amp;apos;2018-11-14T08:17:03&amp;apos;
System info: host: &amp;apos;LAPTOP-0MU7EG7P&amp;apos;, ip: &amp;apos;192.168.1.160&amp;apos;, os.name: &amp;apos;Windows 10&amp;apos;, os.arch: &amp;apos;amd64&amp;apos;, os.version: &amp;apos;10.0&amp;apos;, java.version: &amp;apos;1.8.0_231&amp;apos;
Driver info: org.openqa.selenium.chrome.ChromeDriver
Capabilities {acceptInsecureCerts: false, browserName: chrome, browserVersion: 98.0.4758.102, chrome: {chromedriverVersion: 98.0.4758.102 (273bf7ac8c90..., userDataDir: C:\Users\vijay\AppData\Loca...}, goog:chromeOptions: {debuggerAddress: localhost:54151}, javascriptEnabled: true, networkConnectionEnabled: false, pageLoadStrategy: normal, platform: WINDOWS, platformName: WINDOWS, proxy: Proxy(), setWindowRect: true, strictFileInteractability: false, timeouts: {implicit: 0, pageLoad: 300000, script: 30000}, unhandledPromptBehavior: dismiss and notify, webauthn:extension:credBlob: true, webauthn:extension:largeBlob: true, webauthn:virtualAuthenticators: true}
Session ID: d3681b366d849512eac22f2bc79193d5">
      <![CDATA[org.openqa.selenium.ElementNotInteractableException: element not interactable
  (Session info: chrome=98.0.4758.102)
Build info: version: '3.141.59', revision: 'e82be7d358', time: '2018-11-14T08:17:03'
System info: host: 'LAPTOP-0MU7EG7P', ip: '192.168.1.160', os.name: 'Windows 10', os.arch: 'amd64', os.version: '10.0', java.version: '1.8.0_231'
Driver info: org.openqa.selenium.chrome.ChromeDriver
Capabilities {acceptInsecureCerts: false, browserName: chrome, browserVersion: 98.0.4758.102, chrome: {chromedriverVersion: 98.0.4758.102 (273bf7ac8c90..., userDataDir: C:\Users\vijay\AppData\Loca...}, goog:chromeOptions: {debuggerAddress: localhost:54151}, javascriptEnabled: true, networkConnectionEnabled: false, pageLoadStrategy: normal, platform: WINDOWS, platformName: WINDOWS, proxy: Proxy(), setWindowRect: true, strictFileInteractability: false, timeouts: {implicit: 0, pageLoad: 300000, script: 30000}, unhandledPromptBehavior: dismiss and notify, webauthn:extension:credBlob: true, webauthn:extension:largeBlob: true, webauthn:virtualAuthenticators: true}
Session ID: d3681b366d849512eac22f2bc79193d5
at org.openqa.selenium.remote.http.W3CHttpResponseCodec.createException(W3CHttpResponseCodec.java:187)
at org.openqa.selenium.remote.http.W3CHttpResponseCodec.decode(W3CHttpResponseCodec.java:122)
at org.openqa.selenium.remote.http.W3CHttpResponseCodec.decode(W3CHttpResponseCodec.java:49)
at org.openqa.selenium.remote.HttpCommandExecutor.execute(HttpCommandExecutor.java:158)
at org.openqa.selenium.remote.service.DriverCommandExecutor.execute(DriverCommandExecutor.java:83)
at org.openqa.selenium.remote.RemoteWebDriver.execute(RemoteWebDriver.java:552)
at org.openqa.selenium.remote.RemoteWebElement.execute(RemoteWebElement.java:285)
at org.openqa.selenium.remote.RemoteWebElement.click(RemoteWebElement.java:84)
at com.orangeHRM.qa.testcases.Qualifiation_MyInfoPageTest.verifyAddLicense(Qualifiation_MyInfoPageTest.java:834)
at java.util.ArrayList.forEach(ArrayList.java:1257)
... Removed 31 stack frames]]>
    </failure>
  </testcase> <!-- verifyAddLicense -->
  <testcase name="tableValidatingLicense" time="0.341" classname="com.orangeHRM.qa.testcases.Qualifiation_MyInfoPageTest"/>
  <testcase name="setcontextLicenseEdit" time="0.001" classname="com.orangeHRM.qa.testcases.Qualifiation_MyInfoPageTest"/>
  <testcase name="editMyInfoLicense" time="0.0" classname="com.orangeHRM.qa.testcases.Qualifiation_MyInfoPageTest">
    <skipped/>
  </testcase> <!-- editMyInfoLicense -->
  <testcase name="deletingSingle_LicenseRow" time="0.0" classname="com.orangeHRM.qa.testcases.Qualifiation_MyInfoPageTest">
    <skipped/>
  </testcase> <!-- deletingSingle_LicenseRow -->
  <testcase name="deletingall_License" time="0.001" classname="com.orangeHRM.qa.testcases.Qualifiation_MyInfoPageTest"/>
  <testcase name="validateAttachmentsInQualifications" time="5.154" classname="com.orangeHRM.qa.testcases.Qualifiation_MyInfoPageTest">
    <failure type="java.lang.IllegalArgumentException" message="Invalid key code">
      <![CDATA[java.lang.IllegalArgumentException: Invalid key code
at sun.awt.windows.WRobotPeer.keyPress(Native Method)
at java.awt.Robot.keyPress(Robot.java:354)
at com.orangeHRM.qa.util.AttatchmentsUtil.uploadingFileUsingRobotInmac(AttatchmentsUtil.java:194)
at com.orangeHRM.qa.testcases.Qualifiation_MyInfoPageTest.validateAttachmentsInQualifications(Qualifiation_MyInfoPageTest.java:1015)
at java.util.ArrayList.forEach(ArrayList.java:1257)
... Removed 27 stack frames]]>
    </failure>
  </testcase> <!-- validateAttachmentsInQualifications -->
  <testcase name="customFieldsPIMTesting" time="0.001" classname="com.orangeHRM.qa.testcases.CustomFieldsPIMPageTest"/>
  <testcase name="reportsPIMTesting" time="0.0" classname="com.orangeHRM.qa.testcases.ReportsPIMPageTest"/>
  <testcase name="employeeTrackersTesting" time="0.0" classname="com.orangeHRM.qa.testcases.EmployeeTrackersPageTest"/>
  <testcase name="validateTaxExemptionButton_bgcolor" time="0.196" classname="com.orangeHRM.qa.testcases.TaxExemptionPageTest"/>
  <testcase name="memberShipsTesting" time="0.0" classname="com.orangeHRM.qa.testcases.MemberShips_AdminPageTest"/>
  <testcase name="punchInOutTesting" time="0.001" classname="com.orangeHRM.qa.testcases.PunchInOutPageTest"/>
  <testcase name="holidaysTesting" time="0.0" classname="com.orangeHRM.qa.testcases.HolidaysPageTest"/>
  <testcase name="validateEmergencyContactsButton_bgcolor" time="0.205" classname="com.orangeHRM.qa.testcases.EmergencyContactsPageTest"/>
  <testcase name="setcontext1" time="0.002" classname="com.orangeHRM.qa.testcases.EmergencyContactsPageTest"/>
  <testcase name="addEmergencyDetailsTesting" time="20.297" classname="com.orangeHRM.qa.testcases.EmergencyContactsPageTest"/>
  <testcase name="addEmergencyDetailsTesting" time="20.657" classname="com.orangeHRM.qa.testcases.EmergencyContactsPageTest"/>
  <testcase name="validatingMandatoryFieldsValues" time="0.872" classname="com.orangeHRM.qa.testcases.EmergencyContactsPageTest"/>
  <testcase name="setcontext2" time="0.0" classname="com.orangeHRM.qa.testcases.EmergencyContactsPageTest"/>
  <testcase name="tableEditLinkTesting" time="2.521" classname="com.orangeHRM.qa.testcases.EmergencyContactsPageTest"/>
  <testcase name="saveBtnValidation" time="3.231" classname="com.orangeHRM.qa.testcases.EmergencyContactsPageTest"/>
  <testcase name="validateCancelBtn" time="1.122" classname="com.orangeHRM.qa.testcases.EmergencyContactsPageTest"/>
  <testcase name="setcontext3" time="0.0" classname="com.orangeHRM.qa.testcases.EmergencyContactsPageTest"/>
  <testcase name="validateEnterImproperData" time="1.421" classname="com.orangeHRM.qa.testcases.EmergencyContactsPageTest"/>
  <testcase name="validationOfEmergencyContactTable" time="0.54" classname="com.orangeHRM.qa.testcases.EmergencyContactsPageTest"/>
  <testcase name="colorOfButtons" time="0.077" classname="com.orangeHRM.qa.testcases.EmergencyContactsPageTest"/>
  <testcase name="setcontext" time="0.001" classname="com.orangeHRM.qa.testcases.EmergencyContactsPageTest"/>
  <testcase name="emergencyContactsAttatchmentsTesting" time="13.632" classname="com.orangeHRM.qa.testcases.EmergencyContactsPageTest"/>
  <testcase name="toolTipValidation" time="0.258" classname="com.orangeHRM.qa.testcases.EmergencyContactsPageTest"/>
  <testcase name="tableHeaderValidation" time="0.858" classname="com.orangeHRM.qa.testcases.EmergencyContactsPageTest"/>
  <testcase name="deletingSingle_Contact" time="1.015" classname="com.orangeHRM.qa.testcases.EmergencyContactsPageTest"/>
  <testcase name="deletingall_Contacts" time="0.968" classname="com.orangeHRM.qa.testcases.EmergencyContactsPageTest"/>
  <testcase name="clickingOnEditLink" time="12.134" classname="com.orangeHRM.qa.testcases.EmergencyContactsPageTest"/>
  <testcase name="example_VerifyDownloadWithFileName" time="4.17" classname="com.orangeHRM.qa.testcases.EmergencyContactsPageTest"/>
  <testcase name="deletingSingle_Attatchment" time="13.203" classname="com.orangeHRM.qa.testcases.EmergencyContactsPageTest"/>
  <testcase name="deletingall_Attatchments" time="0.001" classname="com.orangeHRM.qa.testcases.EmergencyContactsPageTest"/>
  <testcase name="myRecordsTesting" time="0.0" classname="com.orangeHRM.qa.testcases.MyRecordsPageTest"/>
  <testcase name="reviewListTesting" time="0.0" classname="com.orangeHRM.qa.testcases.ReviewListPageTest"/>
  <testcase name="applyLeaveTesting" time="0.0" classname="com.orangeHRM.qa.testcases.ApplyLeavePageTest"/>
  <testcase name="leaveTypesTesting" time="0.001" classname="com.orangeHRM.qa.testcases.LeaveTypesPageTest"/>
  <testcase name="jobTitlesTesting" time="0.0" classname="com.orangeHRM.qa.testcases.JobTitlesPageTest"/>
  <testcase name="languagePackagesTesting" time="0.001" classname="com.orangeHRM.qa.testcases.LanguagePackagesPageTest"/>
  <testcase name="validatingConfigurePIMSubMenuDisplay" time="0.579" classname="com.orangeHRM.qa.testcases.ConfigurationPIMPageTest"/>
  <testcase name="ConfigurationPIMTesting" time="0.0" classname="com.orangeHRM.qa.testcases.ConfigurationPIMPageTest"/>
  <testcase name="buzzTesting" time="0.0" classname="com.orangeHRM.qa.testcases.BuzzPageTest"/>
  <testcase name="directoryTesting" time="0.001" classname="com.orangeHRM.qa.testcases.DirectoryPageTest"/>
  <testcase name="structureTesting" time="0.0" classname="com.orangeHRM.qa.testcases.StructurePageTest"/>
  <testcase name="validatingUserManagementSubMenuDisplay" time="0.715" classname="com.orangeHRM.qa.testcases.ConfigurationAdminPageTest"/>
  <testcase name="configurationAdminTesting" time="0.0" classname="com.orangeHRM.qa.testcases.ConfigurationAdminPageTest"/>
  <testcase name="manageReviewsSubTesting" time="0.002" classname="com.orangeHRM.qa.testcases.ManageReviewsSubPageTest"/>
  <testcase name="validatingReortsLeaveSubMenuDisplay" time="0.387" classname="com.orangeHRM.qa.testcases.ReportsLeavePageTest"/>
  <testcase name="reportsLeaveTesting" time="0.0" classname="com.orangeHRM.qa.testcases.ReportsLeavePageTest"/>
  <testcase name="purgeCandidatesRecordsTesting" time="0.0" classname="com.orangeHRM.qa.testcases.PurgeCandidatesRecordsPageTest"/>
  <testcase name="validateJobButton_bgcolor" time="0.189" classname="com.orangeHRM.qa.testcases.JobMyInfoPageTest"/>
  <testcase name="validateImmigationsButton_bgcolor" time="0.204" classname="com.orangeHRM.qa.testcases.ImmigrationPageTest"/>
  <testcase name="colorValidationForAddandDeleteButtons" time="0.105" classname="com.orangeHRM.qa.testcases.ImmigrationPageTest"/>
  <testcase name="setcontext" time="0.001" classname="com.orangeHRM.qa.testcases.ImmigrationPageTest"/>
  <testcase name="verifyimmigrationTestPage" time="13.609" classname="com.orangeHRM.qa.testcases.ImmigrationPageTest"/>
  <testcase name="tableValidating" time="0.512" classname="com.orangeHRM.qa.testcases.ImmigrationPageTest"/>
  <testcase name="verifyissueDateFormat" time="2.184" classname="com.orangeHRM.qa.testcases.ImmigrationPageTest"/>
  <testcase name="dropdownSortedOrNot" time="4.235" classname="com.orangeHRM.qa.testcases.ImmigrationPageTest"/>
  <testcase name="setcontext3" time="0.001" classname="com.orangeHRM.qa.testcases.ImmigrationPageTest"/>
  <testcase name="editImmigrationTesting" time="7.849" classname="com.orangeHRM.qa.testcases.ImmigrationPageTest"/>
  <testcase name="deletingSingle_ImmigrationRec" time="1.312" classname="com.orangeHRM.qa.testcases.ImmigrationPageTest"/>
  <testcase name="deletingall_ImmigrationRec" time="0.047" classname="com.orangeHRM.qa.testcases.ImmigrationPageTest"/>
  <testcase name="setcontext1" time="0.001" classname="com.orangeHRM.qa.testcases.ImmigrationPageTest"/>
  <testcase name="immigrationAttatchmentTesting" time="13.701" classname="com.orangeHRM.qa.testcases.ImmigrationPageTest"/>
  <testcase name="colorOfButtons" time="0.1" classname="com.orangeHRM.qa.testcases.ImmigrationPageTest"/>
  <testcase name="tableHeaderValidation" time="0.88" classname="com.orangeHRM.qa.testcases.ImmigrationPageTest"/>
  <testcase name="toolTipValidation" time="0.254" classname="com.orangeHRM.qa.testcases.ImmigrationPageTest"/>
  <testcase name="clickingOnEditLink" time="18.068" classname="com.orangeHRM.qa.testcases.ImmigrationPageTest"/>
  <testcase name="example_VerifyDownloadWithFileName" time="4.174" classname="com.orangeHRM.qa.testcases.ImmigrationPageTest"/>
  <testcase name="deletingSingle_Attatchment" time="13.235" classname="com.orangeHRM.qa.testcases.ImmigrationPageTest"/>
  <testcase name="deletingall_Attatchments" time="0.0" classname="com.orangeHRM.qa.testcases.ImmigrationPageTest"/>
  <testcase name="nationalitiesTesting" time="0.0" classname="com.orangeHRM.qa.testcases.NationalitiesPageTest"/>
  <testcase name="validatingPurgeRecordsSubMenuDisplay" time="0.312" classname="com.orangeHRM.qa.testcases.PurgeRecordsPageTest"/>
  <testcase name="purgeRecordsTesting" time="0.0" classname="com.orangeHRM.qa.testcases.PurgeRecordsPageTest"/>
  <testcase name="addEmployeePIMTesting" time="0.001" classname="com.orangeHRM.qa.testcases.EmployeeListPIMPageTest"/>
  <testcase name="validatingTimeSubMenuDisplay" time="0.394" classname="com.orangeHRM.qa.testcases.ReportsTimePageTest"/>
  <testcase name="reportsTimeTesting" time="0.0" classname="com.orangeHRM.qa.testcases.ReportsTimePageTest"/>
  <testcase name="verify_PageElements" time="3.833" classname="com.orangeHRM.qa.testcases.ResetPasswordTestPage"/>
  <testcase name="space_Credentials" time="3.753" classname="com.orangeHRM.qa.testcases.ResetPasswordTestPage"/>
  <testcase name="validCredentials_FirstTime" time="7.438" classname="com.orangeHRM.qa.testcases.ResetPasswordTestPage"/>
  <testcase name="validCredentials_SeccondTime" time="7.054" classname="com.orangeHRM.qa.testcases.ResetPasswordTestPage"/>
  <testcase name="invalid_Credentials" time="7.008" classname="com.orangeHRM.qa.testcases.ResetPasswordTestPage"/>
  <testcase name="payGradesTesting" time="0.0" classname="com.orangeHRM.qa.testcases.PayGradesPageTest"/>
  <testcase name="skillsTesting" time="0.001" classname="com.orangeHRM.qa.testcases.SkillsPageTest"/>
  <testcase name="generalInformationTesting" time="0.0" classname="com.orangeHRM.qa.testcases.GeneralInformationPageTest"/>
  <testcase name="accessRecordsTesting" time="0.0" classname="com.orangeHRM.qa.testcases.AccessRecordsPageTest"/>
  <testcase name="emailSubscriptionsTesting" time="0.0" classname="com.orangeHRM.qa.testcases.EmailSubscriptionsPageTest"/>
  <testcase name="myLeaveTesting" time="0.0" classname="com.orangeHRM.qa.testcases.MyLeavePageTest"/>
  <testcase name="validatingMaintenanceSubMenuDisplay" time="0.488" classname="com.orangeHRM.qa.testcases.MaintenancePageTest"/>
  <testcase name="maintenanceTesting" time="0.0" classname="com.orangeHRM.qa.testcases.MaintenancePageTest"/>
  <testcase name="verifyColorsOfSubmenuInMaintenance" time="0.568" classname="com.orangeHRM.qa.testcases.MaintenancePageTest"/>
  <testcase name="validatingAdminSubMenuDisplay" time="1.12" classname="com.orangeHRM.qa.testcases.AdminPageTest"/>
  <testcase name="verifyColorsOfSubmenuInAdmin" time="1.448" classname="com.orangeHRM.qa.testcases.AdminPageTest"/>
  <testcase name="employeeRecordsTesting" time="0.001" classname="com.orangeHRM.qa.testcases.EmployeeRecordsPageTest"/>
  <testcase name="validatingPerformanceSubMenuDisplay" time="0.769" classname="com.orangeHRM.qa.testcases.PerformancePageTest"/>
  <testcase name="performanceTesting" time="0.001" classname="com.orangeHRM.qa.testcases.PerformancePageTest"/>
  <testcase name="verifyColorsOfSubmenuInPerformance" time="0.297" classname="com.orangeHRM.qa.testcases.PerformancePageTest"/>
  <testcase name="leaveEntitlementsAndUsageReportTesting" time="0.0" classname="com.orangeHRM.qa.testcases.LeaveEntitlementsAndUsageReportPageTest"/>
  <testcase name="validatingUserManagementSubMenuDisplay" time="0.753" classname="com.orangeHRM.qa.testcases.ConfigurationAdminPageTest"/>
  <testcase name="configurationAdminTesting" time="0.001" classname="com.orangeHRM.qa.testcases.ConfigurationAdminPageTest"/>
  <testcase name="emailConfigurationTesting" time="0.0" classname="com.orangeHRM.qa.testcases.EmailConfigurationPageTest"/>
  <testcase name="validateReportToButton_bgcolor" time="0.226" classname="com.orangeHRM.qa.testcases.ReportToPageTest"/>
  <testcase name="validateSalaryButton_bgcolor" time="0.205" classname="com.orangeHRM.qa.testcases.SalaryPageTest"/>
  <testcase name="vacanciesTesting" time="0.0" classname="com.orangeHRM.qa.testcases.VacanciesPageTest"/>
  <testcase name="vacancy_HeaderValidate" time="0.086" classname="com.orangeHRM.qa.testcases.VacanciesPageTest"/>
  <testcase name="vacancy_History_HdrValidate" time="0.078" classname="com.orangeHRM.qa.testcases.VacanciesPageTest"/>
  <testcase name="setcontext" time="0.001" classname="com.orangeHRM.qa.testcases.VacanciesPageTest"/>
  <testcase name="resetVacancies" time="15.151" classname="com.orangeHRM.qa.testcases.VacanciesPageTest"/>
  <testcase name="validateoptionsVacancies" time="0.7" classname="com.orangeHRM.qa.testcases.VacanciesPageTest"/>
  <testcase name="searchVacancies" time="0.209" classname="com.orangeHRM.qa.testcases.VacanciesPageTest"/>
  <testcase name="VacanciesTableHeaderValidation" time="0.485" classname="com.orangeHRM.qa.testcases.VacanciesPageTest"/>
  <testcase name="colorOfButtons" time="0.081" classname="com.orangeHRM.qa.testcases.VacanciesPageTest"/>
  <testcase name="presenceOfAddDeleteButton" time="5.339" classname="com.orangeHRM.qa.testcases.VacanciesPageTest"/>
  <testcase name="verifyAddJobVacancyPageAndSaveButtonDisplay" time="0.899" classname="com.orangeHRM.qa.testcases.VacanciesPageTest"/>
  <testcase name="validatingManadatoryFieldsBeforeEnteringValues" time="1.037" classname="com.orangeHRM.qa.testcases.VacanciesPageTest"/>
  <testcase name="setcontext2" time="0.0" classname="com.orangeHRM.qa.testcases.VacanciesPageTest"/>
  <testcase name="verifyAddVacancyTesting" time="2.909" classname="com.orangeHRM.qa.testcases.VacanciesPageTest"/>
  <testcase name="verifyAddVacancyTesting" time="2.867" classname="com.orangeHRM.qa.testcases.VacanciesPageTest"/>
  <testcase name="AddVacancyTableHeaderValidation" time="0.477" classname="com.orangeHRM.qa.testcases.VacanciesPageTest"/>
  <testcase name="setcontext3" time="0.0" classname="com.orangeHRM.qa.testcases.VacanciesPageTest"/>
  <testcase name="verifyEditVacancyTesting" time="7.311" classname="com.orangeHRM.qa.testcases.VacanciesPageTest"/>
  <testcase name="setcontext4" time="0.0" classname="com.orangeHRM.qa.testcases.VacanciesPageTest"/>
  <testcase name="searchFunctionalityForVacancies" time="98.629" classname="com.orangeHRM.qa.testcases.VacanciesPageTest"/>
  <testcase name="deletingSingle_vacancy" time="1.027" classname="com.orangeHRM.qa.testcases.VacanciesPageTest"/>
  <testcase name="deletingall_Vacancies" time="1.522" classname="com.orangeHRM.qa.testcases.VacanciesPageTest"/>
  <testcase name="validateContactDetailsButton_bgcolor" time="0.19" classname="com.orangeHRM.qa.testcases.ContactDetailsPageTest"/>
  <testcase name="validatingContactsDetailsFieldsDisplay" time="1.219" classname="com.orangeHRM.qa.testcases.ContactDetailsPageTest"/>
  <testcase name="setcontext" time="0.001" classname="com.orangeHRM.qa.testcases.ContactDetailsPageTest"/>
  <testcase name="ContactsDetailsTesting" time="3.593" classname="com.orangeHRM.qa.testcases.ContactDetailsPageTest"/>
  <testcase name="validatingCountryDropdownOptionsSort" time="4.143" classname="com.orangeHRM.qa.testcases.ContactDetailsPageTest"/>
  <testcase name="validatingCountryDropdownOptionsDuplicates" time="2.377" classname="com.orangeHRM.qa.testcases.ContactDetailsPageTest"/>
  <testcase name="comparingEmails" time="0.099" classname="com.orangeHRM.qa.testcases.ContactDetailsPageTest"/>
  <testcase name="emailContainingCom" time="0.121" classname="com.orangeHRM.qa.testcases.ContactDetailsPageTest"/>
  <testcase name="buttonColorValidation" time="0.055" classname="com.orangeHRM.qa.testcases.ContactDetailsPageTest"/>
  <testcase name="setcontext1" time="0.0" classname="com.orangeHRM.qa.testcases.ContactDetailsPageTest"/>
  <testcase name="contactDetailsAttatchmentTesting" time="9.888" classname="com.orangeHRM.qa.testcases.ContactDetailsPageTest"/>
  <testcase name="tableHeaderValidation" time="12.077" classname="com.orangeHRM.qa.testcases.ContactDetailsPageTest">
    <failure type="java.lang.AssertionError" message="expected [0] but found [8]">
      <![CDATA[java.lang.AssertionError: expected [0] but found [8]
at com.orangeHRM.qa.util.AttatchmentsUtil.validatingTableHeader(AttatchmentsUtil.java:145)
at com.orangeHRM.qa.testcases.ContactDetailsPageTest.tableHeaderValidation(ContactDetailsPageTest.java:251)
at java.util.ArrayList.forEach(ArrayList.java:1257)
... Removed 32 stack frames]]>
    </failure>
  </testcase> <!-- tableHeaderValidation -->
  <testcase name="toolTipValidation" time="12.063" classname="com.orangeHRM.qa.testcases.ContactDetailsPageTest">
    <failure type="org.openqa.selenium.NoSuchElementException" message="no such element: Unable to locate element: {&amp;quot;method&amp;quot;:&amp;quot;xpath&amp;quot;,&amp;quot;selector&amp;quot;:&amp;quot;//*[@id=&amp;apos;tblAttachments&amp;apos;]/tbody/tr/td[2]/a&amp;quot;}
  (Session info: chrome=98.0.4758.102)
For documentation on this error, please visit: https://www.seleniumhq.org/exceptions/no_such_element.html
Build info: version: &amp;apos;3.141.59&amp;apos;, revision: &amp;apos;e82be7d358&amp;apos;, time: &amp;apos;2018-11-14T08:17:03&amp;apos;
System info: host: &amp;apos;LAPTOP-0MU7EG7P&amp;apos;, ip: &amp;apos;192.168.1.160&amp;apos;, os.name: &amp;apos;Windows 10&amp;apos;, os.arch: &amp;apos;amd64&amp;apos;, os.version: &amp;apos;10.0&amp;apos;, java.version: &amp;apos;1.8.0_231&amp;apos;
Driver info: org.openqa.selenium.chrome.ChromeDriver
Capabilities {acceptInsecureCerts: false, browserName: chrome, browserVersion: 98.0.4758.102, chrome: {chromedriverVersion: 98.0.4758.102 (273bf7ac8c90..., userDataDir: C:\Users\vijay\AppData\Loca...}, goog:chromeOptions: {debuggerAddress: localhost:56683}, javascriptEnabled: true, networkConnectionEnabled: false, pageLoadStrategy: normal, platform: WINDOWS, platformName: WINDOWS, proxy: Proxy(), setWindowRect: true, strictFileInteractability: false, timeouts: {implicit: 0, pageLoad: 300000, script: 30000}, unhandledPromptBehavior: dismiss and notify, webauthn:extension:credBlob: true, webauthn:extension:largeBlob: true, webauthn:virtualAuthenticators: true}
Session ID: af960faea55b67cb5540133a3cc948a9
*** Element info: {Using=xpath, value=//*[@id=&amp;apos;tblAttachments&amp;apos;]/tbody/tr/td[2]/a}">
      <![CDATA[org.openqa.selenium.NoSuchElementException: no such element: Unable to locate element: {"method":"xpath","selector":"//*[@id='tblAttachments']/tbody/tr/td[2]/a"}
  (Session info: chrome=98.0.4758.102)
For documentation on this error, please visit: https://www.seleniumhq.org/exceptions/no_such_element.html
Build info: version: '3.141.59', revision: 'e82be7d358', time: '2018-11-14T08:17:03'
System info: host: 'LAPTOP-0MU7EG7P', ip: '192.168.1.160', os.name: 'Windows 10', os.arch: 'amd64', os.version: '10.0', java.version: '1.8.0_231'
Driver info: org.openqa.selenium.chrome.ChromeDriver
Capabilities {acceptInsecureCerts: false, browserName: chrome, browserVersion: 98.0.4758.102, chrome: {chromedriverVersion: 98.0.4758.102 (273bf7ac8c90..., userDataDir: C:\Users\vijay\AppData\Loca...}, goog:chromeOptions: {debuggerAddress: localhost:56683}, javascriptEnabled: true, networkConnectionEnabled: false, pageLoadStrategy: normal, platform: WINDOWS, platformName: WINDOWS, proxy: Proxy(), setWindowRect: true, strictFileInteractability: false, timeouts: {implicit: 0, pageLoad: 300000, script: 30000}, unhandledPromptBehavior: dismiss and notify, webauthn:extension:credBlob: true, webauthn:extension:largeBlob: true, webauthn:virtualAuthenticators: true}
Session ID: af960faea55b67cb5540133a3cc948a9
*** Element info: {Using=xpath, value=//*[@id='tblAttachments']/tbody/tr/td[2]/a}
at org.openqa.selenium.remote.http.W3CHttpResponseCodec.createException(W3CHttpResponseCodec.java:187)
at org.openqa.selenium.remote.http.W3CHttpResponseCodec.decode(W3CHttpResponseCodec.java:122)
at org.openqa.selenium.remote.http.W3CHttpResponseCodec.decode(W3CHttpResponseCodec.java:49)
at org.openqa.selenium.remote.HttpCommandExecutor.execute(HttpCommandExecutor.java:158)
at org.openqa.selenium.remote.service.DriverCommandExecutor.execute(DriverCommandExecutor.java:83)
at org.openqa.selenium.remote.RemoteWebDriver.execute(RemoteWebDriver.java:552)
at org.openqa.selenium.remote.RemoteWebDriver.findElement(RemoteWebDriver.java:323)
at org.openqa.selenium.remote.RemoteWebDriver.findElementByXPath(RemoteWebDriver.java:428)
at org.openqa.selenium.By$ByXPath.findElement(By.java:353)
at org.openqa.selenium.remote.RemoteWebDriver.findElement(RemoteWebDriver.java:315)
at com.orangeHRM.qa.testcases.ContactDetailsPageTest.toolTipValidation(ContactDetailsPageTest.java:257)
at java.util.ArrayList.forEach(ArrayList.java:1257)
... Removed 31 stack frames]]>
    </failure>
  </testcase> <!-- toolTipValidation -->
  <testcase name="clickingOnEditLink" time="12.027" classname="com.orangeHRM.qa.testcases.ContactDetailsPageTest">
    <failure type="org.openqa.selenium.NoSuchElementException" message="no such element: Unable to locate element: {&amp;quot;method&amp;quot;:&amp;quot;xpath&amp;quot;,&amp;quot;selector&amp;quot;:&amp;quot;//*[@id=&amp;apos;tblAttachments&amp;apos;]/tbody/tr/td[8]/a&amp;quot;}
  (Session info: chrome=98.0.4758.102)
For documentation on this error, please visit: https://www.seleniumhq.org/exceptions/no_such_element.html
Build info: version: &amp;apos;3.141.59&amp;apos;, revision: &amp;apos;e82be7d358&amp;apos;, time: &amp;apos;2018-11-14T08:17:03&amp;apos;
System info: host: &amp;apos;LAPTOP-0MU7EG7P&amp;apos;, ip: &amp;apos;192.168.1.160&amp;apos;, os.name: &amp;apos;Windows 10&amp;apos;, os.arch: &amp;apos;amd64&amp;apos;, os.version: &amp;apos;10.0&amp;apos;, java.version: &amp;apos;1.8.0_231&amp;apos;
Driver info: org.openqa.selenium.chrome.ChromeDriver
Capabilities {acceptInsecureCerts: false, browserName: chrome, browserVersion: 98.0.4758.102, chrome: {chromedriverVersion: 98.0.4758.102 (273bf7ac8c90..., userDataDir: C:\Users\vijay\AppData\Loca...}, goog:chromeOptions: {debuggerAddress: localhost:56683}, javascriptEnabled: true, networkConnectionEnabled: false, pageLoadStrategy: normal, platform: WINDOWS, platformName: WINDOWS, proxy: Proxy(), setWindowRect: true, strictFileInteractability: false, timeouts: {implicit: 0, pageLoad: 300000, script: 30000}, unhandledPromptBehavior: dismiss and notify, webauthn:extension:credBlob: true, webauthn:extension:largeBlob: true, webauthn:virtualAuthenticators: true}
Session ID: af960faea55b67cb5540133a3cc948a9
*** Element info: {Using=xpath, value=//*[@id=&amp;apos;tblAttachments&amp;apos;]/tbody/tr/td[8]/a}">
      <![CDATA[org.openqa.selenium.NoSuchElementException: no such element: Unable to locate element: {"method":"xpath","selector":"//*[@id='tblAttachments']/tbody/tr/td[8]/a"}
  (Session info: chrome=98.0.4758.102)
For documentation on this error, please visit: https://www.seleniumhq.org/exceptions/no_such_element.html
Build info: version: '3.141.59', revision: 'e82be7d358', time: '2018-11-14T08:17:03'
System info: host: 'LAPTOP-0MU7EG7P', ip: '192.168.1.160', os.name: 'Windows 10', os.arch: 'amd64', os.version: '10.0', java.version: '1.8.0_231'
Driver info: org.openqa.selenium.chrome.ChromeDriver
Capabilities {acceptInsecureCerts: false, browserName: chrome, browserVersion: 98.0.4758.102, chrome: {chromedriverVersion: 98.0.4758.102 (273bf7ac8c90..., userDataDir: C:\Users\vijay\AppData\Loca...}, goog:chromeOptions: {debuggerAddress: localhost:56683}, javascriptEnabled: true, networkConnectionEnabled: false, pageLoadStrategy: normal, platform: WINDOWS, platformName: WINDOWS, proxy: Proxy(), setWindowRect: true, strictFileInteractability: false, timeouts: {implicit: 0, pageLoad: 300000, script: 30000}, unhandledPromptBehavior: dismiss and notify, webauthn:extension:credBlob: true, webauthn:extension:largeBlob: true, webauthn:virtualAuthenticators: true}
Session ID: af960faea55b67cb5540133a3cc948a9
*** Element info: {Using=xpath, value=//*[@id='tblAttachments']/tbody/tr/td[8]/a}
at org.openqa.selenium.remote.http.W3CHttpResponseCodec.createException(W3CHttpResponseCodec.java:187)
at org.openqa.selenium.remote.http.W3CHttpResponseCodec.decode(W3CHttpResponseCodec.java:122)
at org.openqa.selenium.remote.http.W3CHttpResponseCodec.decode(W3CHttpResponseCodec.java:49)
at org.openqa.selenium.remote.HttpCommandExecutor.execute(HttpCommandExecutor.java:158)
at org.openqa.selenium.remote.service.DriverCommandExecutor.execute(DriverCommandExecutor.java:83)
at org.openqa.selenium.remote.RemoteWebDriver.execute(RemoteWebDriver.java:552)
at org.openqa.selenium.remote.RemoteWebDriver.findElement(RemoteWebDriver.java:323)
at org.openqa.selenium.remote.RemoteWebDriver.findElementByXPath(RemoteWebDriver.java:428)
at org.openqa.selenium.By$ByXPath.findElement(By.java:353)
at org.openqa.selenium.remote.RemoteWebDriver.findElement(RemoteWebDriver.java:315)
at com.orangeHRM.qa.pages.ContactDetailsPage.editLinkClick(ContactDetailsPage.java:144)
at com.orangeHRM.qa.testcases.ContactDetailsPageTest.clickingOnEditLink(ContactDetailsPageTest.java:265)
at java.util.ArrayList.forEach(ArrayList.java:1257)
... Removed 31 stack frames]]>
    </failure>
  </testcase> <!-- clickingOnEditLink -->
  <testcase name="example_VerifyDownloadWithFileName" time="12.07" classname="com.orangeHRM.qa.testcases.ContactDetailsPageTest">
    <failure type="org.openqa.selenium.NoSuchElementException" message="no such element: Unable to locate element: {&amp;quot;method&amp;quot;:&amp;quot;xpath&amp;quot;,&amp;quot;selector&amp;quot;:&amp;quot;//*[@id=&amp;apos;tblAttachments&amp;apos;]/tbody/tr/td[2]/a&amp;quot;}
  (Session info: chrome=98.0.4758.102)
For documentation on this error, please visit: https://www.seleniumhq.org/exceptions/no_such_element.html
Build info: version: &amp;apos;3.141.59&amp;apos;, revision: &amp;apos;e82be7d358&amp;apos;, time: &amp;apos;2018-11-14T08:17:03&amp;apos;
System info: host: &amp;apos;LAPTOP-0MU7EG7P&amp;apos;, ip: &amp;apos;192.168.1.160&amp;apos;, os.name: &amp;apos;Windows 10&amp;apos;, os.arch: &amp;apos;amd64&amp;apos;, os.version: &amp;apos;10.0&amp;apos;, java.version: &amp;apos;1.8.0_231&amp;apos;
Driver info: org.openqa.selenium.chrome.ChromeDriver
Capabilities {acceptInsecureCerts: false, browserName: chrome, browserVersion: 98.0.4758.102, chrome: {chromedriverVersion: 98.0.4758.102 (273bf7ac8c90..., userDataDir: C:\Users\vijay\AppData\Loca...}, goog:chromeOptions: {debuggerAddress: localhost:56683}, javascriptEnabled: true, networkConnectionEnabled: false, pageLoadStrategy: normal, platform: WINDOWS, platformName: WINDOWS, proxy: Proxy(), setWindowRect: true, strictFileInteractability: false, timeouts: {implicit: 0, pageLoad: 300000, script: 30000}, unhandledPromptBehavior: dismiss and notify, webauthn:extension:credBlob: true, webauthn:extension:largeBlob: true, webauthn:virtualAuthenticators: true}
Session ID: af960faea55b67cb5540133a3cc948a9
*** Element info: {Using=xpath, value=//*[@id=&amp;apos;tblAttachments&amp;apos;]/tbody/tr/td[2]/a}">
      <![CDATA[org.openqa.selenium.NoSuchElementException: no such element: Unable to locate element: {"method":"xpath","selector":"//*[@id='tblAttachments']/tbody/tr/td[2]/a"}
  (Session info: chrome=98.0.4758.102)
For documentation on this error, please visit: https://www.seleniumhq.org/exceptions/no_such_element.html
Build info: version: '3.141.59', revision: 'e82be7d358', time: '2018-11-14T08:17:03'
System info: host: 'LAPTOP-0MU7EG7P', ip: '192.168.1.160', os.name: 'Windows 10', os.arch: 'amd64', os.version: '10.0', java.version: '1.8.0_231'
Driver info: org.openqa.selenium.chrome.ChromeDriver
Capabilities {acceptInsecureCerts: false, browserName: chrome, browserVersion: 98.0.4758.102, chrome: {chromedriverVersion: 98.0.4758.102 (273bf7ac8c90..., userDataDir: C:\Users\vijay\AppData\Loca...}, goog:chromeOptions: {debuggerAddress: localhost:56683}, javascriptEnabled: true, networkConnectionEnabled: false, pageLoadStrategy: normal, platform: WINDOWS, platformName: WINDOWS, proxy: Proxy(), setWindowRect: true, strictFileInteractability: false, timeouts: {implicit: 0, pageLoad: 300000, script: 30000}, unhandledPromptBehavior: dismiss and notify, webauthn:extension:credBlob: true, webauthn:extension:largeBlob: true, webauthn:virtualAuthenticators: true}
Session ID: af960faea55b67cb5540133a3cc948a9
*** Element info: {Using=xpath, value=//*[@id='tblAttachments']/tbody/tr/td[2]/a}
at org.openqa.selenium.remote.http.W3CHttpResponseCodec.createException(W3CHttpResponseCodec.java:187)
at org.openqa.selenium.remote.http.W3CHttpResponseCodec.decode(W3CHttpResponseCodec.java:122)
at org.openqa.selenium.remote.http.W3CHttpResponseCodec.decode(W3CHttpResponseCodec.java:49)
at org.openqa.selenium.remote.HttpCommandExecutor.execute(HttpCommandExecutor.java:158)
at org.openqa.selenium.remote.service.DriverCommandExecutor.execute(DriverCommandExecutor.java:83)
at org.openqa.selenium.remote.RemoteWebDriver.execute(RemoteWebDriver.java:552)
at org.openqa.selenium.remote.RemoteWebDriver.findElement(RemoteWebDriver.java:323)
at org.openqa.selenium.remote.RemoteWebDriver.findElementByXPath(RemoteWebDriver.java:428)
at org.openqa.selenium.By$ByXPath.findElement(By.java:353)
at org.openqa.selenium.remote.RemoteWebDriver.findElement(RemoteWebDriver.java:315)
at com.orangeHRM.qa.testcases.ContactDetailsPageTest.example_VerifyDownloadWithFileName(ContactDetailsPageTest.java:280)
at java.util.ArrayList.forEach(ArrayList.java:1257)
... Removed 31 stack frames]]>
    </failure>
  </testcase> <!-- example_VerifyDownloadWithFileName -->
  <testcase name="deletingSingle_Attatchment" time="12.068" classname="com.orangeHRM.qa.testcases.ContactDetailsPageTest">
    <failure type="org.openqa.selenium.NoSuchElementException" message="no such element: Unable to locate element: {&amp;quot;method&amp;quot;:&amp;quot;xpath&amp;quot;,&amp;quot;selector&amp;quot;:&amp;quot;//input[@id=&amp;apos;btnDeleteAttachment&amp;apos;]&amp;quot;}
  (Session info: chrome=98.0.4758.102)
For documentation on this error, please visit: https://www.seleniumhq.org/exceptions/no_such_element.html
Build info: version: &amp;apos;3.141.59&amp;apos;, revision: &amp;apos;e82be7d358&amp;apos;, time: &amp;apos;2018-11-14T08:17:03&amp;apos;
System info: host: &amp;apos;LAPTOP-0MU7EG7P&amp;apos;, ip: &amp;apos;192.168.1.160&amp;apos;, os.name: &amp;apos;Windows 10&amp;apos;, os.arch: &amp;apos;amd64&amp;apos;, os.version: &amp;apos;10.0&amp;apos;, java.version: &amp;apos;1.8.0_231&amp;apos;
Driver info: org.openqa.selenium.chrome.ChromeDriver
Capabilities {acceptInsecureCerts: false, browserName: chrome, browserVersion: 98.0.4758.102, chrome: {chromedriverVersion: 98.0.4758.102 (273bf7ac8c90..., userDataDir: C:\Users\vijay\AppData\Loca...}, goog:chromeOptions: {debuggerAddress: localhost:56683}, javascriptEnabled: true, networkConnectionEnabled: false, pageLoadStrategy: normal, platform: WINDOWS, platformName: WINDOWS, proxy: Proxy(), setWindowRect: true, strictFileInteractability: false, timeouts: {implicit: 0, pageLoad: 300000, script: 30000}, unhandledPromptBehavior: dismiss and notify, webauthn:extension:credBlob: true, webauthn:extension:largeBlob: true, webauthn:virtualAuthenticators: true}
Session ID: af960faea55b67cb5540133a3cc948a9
*** Element info: {Using=xpath, value=//input[@id=&amp;apos;btnDeleteAttachment&amp;apos;]}">
      <![CDATA[org.openqa.selenium.NoSuchElementException: no such element: Unable to locate element: {"method":"xpath","selector":"//input[@id='btnDeleteAttachment']"}
  (Session info: chrome=98.0.4758.102)
For documentation on this error, please visit: https://www.seleniumhq.org/exceptions/no_such_element.html
Build info: version: '3.141.59', revision: 'e82be7d358', time: '2018-11-14T08:17:03'
System info: host: 'LAPTOP-0MU7EG7P', ip: '192.168.1.160', os.name: 'Windows 10', os.arch: 'amd64', os.version: '10.0', java.version: '1.8.0_231'
Driver info: org.openqa.selenium.chrome.ChromeDriver
Capabilities {acceptInsecureCerts: false, browserName: chrome, browserVersion: 98.0.4758.102, chrome: {chromedriverVersion: 98.0.4758.102 (273bf7ac8c90..., userDataDir: C:\Users\vijay\AppData\Loca...}, goog:chromeOptions: {debuggerAddress: localhost:56683}, javascriptEnabled: true, networkConnectionEnabled: false, pageLoadStrategy: normal, platform: WINDOWS, platformName: WINDOWS, proxy: Proxy(), setWindowRect: true, strictFileInteractability: false, timeouts: {implicit: 0, pageLoad: 300000, script: 30000}, unhandledPromptBehavior: dismiss and notify, webauthn:extension:credBlob: true, webauthn:extension:largeBlob: true, webauthn:virtualAuthenticators: true}
Session ID: af960faea55b67cb5540133a3cc948a9
*** Element info: {Using=xpath, value=//input[@id='btnDeleteAttachment']}
at org.openqa.selenium.remote.http.W3CHttpResponseCodec.createException(W3CHttpResponseCodec.java:187)
at org.openqa.selenium.remote.http.W3CHttpResponseCodec.decode(W3CHttpResponseCodec.java:122)
at org.openqa.selenium.remote.http.W3CHttpResponseCodec.decode(W3CHttpResponseCodec.java:49)
at org.openqa.selenium.remote.HttpCommandExecutor.execute(HttpCommandExecutor.java:158)
at org.openqa.selenium.remote.service.DriverCommandExecutor.execute(DriverCommandExecutor.java:83)
at org.openqa.selenium.remote.RemoteWebDriver.execute(RemoteWebDriver.java:552)
at org.openqa.selenium.remote.RemoteWebDriver.findElement(RemoteWebDriver.java:323)
at org.openqa.selenium.remote.RemoteWebDriver.findElementByXPath(RemoteWebDriver.java:428)
at org.openqa.selenium.By$ByXPath.findElement(By.java:353)
at org.openqa.selenium.remote.RemoteWebDriver.findElement(RemoteWebDriver.java:315)
at com.orangeHRM.qa.pages.ContactDetailsPage.deleteButton(ContactDetailsPage.java:154)
at com.orangeHRM.qa.testcases.ContactDetailsPageTest.deletingSingle_Attatchment(ContactDetailsPageTest.java:289)
at java.util.ArrayList.forEach(ArrayList.java:1257)
... Removed 31 stack frames]]>
    </failure>
  </testcase> <!-- deletingSingle_Attatchment -->
  <testcase name="validatingPersonalDetailsFieldsDisplay" time="1.37" classname="com.orangeHRM.qa.testcases.PersonalDetailsPageTest"/>
  <testcase name="setcontext" time="0.0" classname="com.orangeHRM.qa.testcases.PersonalDetailsPageTest"/>
  <testcase name="personalDetailsTesting" time="4.353" classname="com.orangeHRM.qa.testcases.PersonalDetailsPageTest"/>
  <testcase name="validatingNationalityDropdownOptionsSort" time="3.395" classname="com.orangeHRM.qa.testcases.PersonalDetailsPageTest"/>
  <testcase name="validatingNationalityDropdownOptionsDuplicates" time="2.096" classname="com.orangeHRM.qa.testcases.PersonalDetailsPageTest"/>
  <testcase name="validatingMarritalStatusDropdownOptionsSort" time="0.152" classname="com.orangeHRM.qa.testcases.PersonalDetailsPageTest"/>
  <testcase name="validatingMarritalStatusDropdownOptionsDuplicates" time="0.122" classname="com.orangeHRM.qa.testcases.PersonalDetailsPageTest"/>
  <testcase name="verifyDateOfBirthDateFormat" time="0.048" classname="com.orangeHRM.qa.testcases.PersonalDetailsPageTest"/>
  <testcase name="verifyLicenseExpiryDateFormat" time="0.061" classname="com.orangeHRM.qa.testcases.PersonalDetailsPageTest"/>
  <testcase name="setcontext1" time="0.0" classname="com.orangeHRM.qa.testcases.PersonalDetailsPageTest"/>
  <testcase name="personalDetailsEditTesting" time="14.777" classname="com.orangeHRM.qa.testcases.PersonalDetailsPageTest"/>
  <testcase name="setcontext2" time="0.001" classname="com.orangeHRM.qa.testcases.PersonalDetailsPageTest"/>
  <testcase name="editCustomfields" time="5.667" classname="com.orangeHRM.qa.testcases.PersonalDetailsPageTest"/>
  <testcase name="setcontext3" time="0.001" classname="com.orangeHRM.qa.testcases.PersonalDetailsPageTest"/>
  <testcase name="personalDetailsAttatchmentTesting" time="9.538" classname="com.orangeHRM.qa.testcases.PersonalDetailsPageTest"/>
  <testcase name="colorOfButtons" time="0.145" classname="com.orangeHRM.qa.testcases.PersonalDetailsPageTest"/>
  <testcase name="tableHeaderValidation" time="0.837" classname="com.orangeHRM.qa.testcases.PersonalDetailsPageTest"/>
  <testcase name="toolTipValidation" time="0.247" classname="com.orangeHRM.qa.testcases.PersonalDetailsPageTest"/>
  <testcase name="example_VerifyDownloadWithFileName" time="4.192" classname="com.orangeHRM.qa.testcases.PersonalDetailsPageTest"/>
  <testcase name="deletingSingle_Attatchment" time="0.153" classname="com.orangeHRM.qa.testcases.PersonalDetailsPageTest"/>
  <testcase name="deletingall_Attatchments" time="0.0" classname="com.orangeHRM.qa.testcases.PersonalDetailsPageTest"/>
  <testcase name="purgeEmployeeRecordsTesting" time="0.001" classname="com.orangeHRM.qa.testcases.PurgeEmployeeRecordsPageTest"/>
  <testcase name="setcontext" time="0.0" classname="com.orangeHRM.qa.testcases.EmployeeEntitlementPageTest"/>
  <testcase name="verifyEmployeeEntitlementsTestPage" time="1.264" classname="com.orangeHRM.qa.testcases.EmployeeEntitlementPageTest"/>
  <testcase name="validatingEntitlementsSubMenuDisplay" time="0.42" classname="com.orangeHRM.qa.testcases.EntitlementsPageTest"/>
  <testcase name="entitlementsTesting" time="0.001" classname="com.orangeHRM.qa.testcases.EntitlementsPageTest"/>
  <testcase name="projectsTesting" time="0.0" classname="com.orangeHRM.qa.testcases.ProjectsPageTest"/>
  <testcase name="colorValidationForAddandDeleteButtonsInProjectsProjInfo" time="0.094" classname="com.orangeHRM.qa.testcases.ProjectsPageTest"/>
  <testcase name="mandatoryFieldValidationProjectsProjInfo" time="1.81" classname="com.orangeHRM.qa.testcases.ProjectsPageTest"/>
  <testcase name="setcontextProjectsProjInfo" time="0.001" classname="com.orangeHRM.qa.testcases.ProjectsPageTest"/>
  <testcase name="verifyAddProjectsProjInfo" time="11.414" classname="com.orangeHRM.qa.testcases.ProjectsPageTest"/>
  <testcase name="tableValidatingProjectsProjInfo" time="2.184" classname="com.orangeHRM.qa.testcases.ProjectsPageTest"/>
  <testcase name="setcontextEditProjectsProjInfo" time="0.0" classname="com.orangeHRM.qa.testcases.ProjectsPageTest"/>
  <testcase name="editProjectsProjInfo" time="7.855" classname="com.orangeHRM.qa.testcases.ProjectsPageTest"/>
  <testcase name="setcontextActivitiesProjectsProjInfo" time="0.0" classname="com.orangeHRM.qa.testcases.ProjectsPageTest"/>
  <testcase name="activitiesInProjects_ProjInfo" time="4.742" classname="com.orangeHRM.qa.testcases.ProjectsPageTest"/>
  <testcase name="copyFromActivityProjInfo" time="8.329" classname="com.orangeHRM.qa.testcases.ProjectsPageTest"/>
  <testcase name="verifyActyNameandEditProjActy" time="5.844" classname="com.orangeHRM.qa.testcases.ProjectsPageTest"/>
  <testcase name="setcontextEditActivitiesProjectsProjInfo" time="0.001" classname="com.orangeHRM.qa.testcases.ProjectsPageTest"/>
  <testcase name="editProjectActivityInProjects_ProjInfo" time="2.168" classname="com.orangeHRM.qa.testcases.ProjectsPageTest"/>
  <testcase name="deletingSingleActivityInProjInfo" time="6.208" classname="com.orangeHRM.qa.testcases.ProjectsPageTest"/>
  <testcase name="deletingallActivities_ProjectsProjInfo" time="3.747" classname="com.orangeHRM.qa.testcases.ProjectsPageTest"/>
  <testcase name="deletingSingleProjectInProjInfo" time="7.071" classname="com.orangeHRM.qa.testcases.ProjectsPageTest"/>
  <testcase name="deletingall_ProjectsProjInfo" time="3.408" classname="com.orangeHRM.qa.testcases.ProjectsPageTest"/>
  <testcase name="myTimeSheetsTesting" time="0.0" classname="com.orangeHRM.qa.testcases.MyTimeSheetsPageTest"/>
  <testcase name="registerOAuthClientTesting" time="0.0" classname="com.orangeHRM.qa.testcases.RegisterOAuthClientPageTest"/>
  <testcase name="validatingTimeSubMenuDisplay" time="0.783" classname="com.orangeHRM.qa.testcases.TimePageTest"/>
  <testcase name="timeTesting" time="0.0" classname="com.orangeHRM.qa.testcases.TimePageTest"/>
  <testcase name="verifyColorsOfSubmenuInTime" time="1.084" classname="com.orangeHRM.qa.testcases.TimePageTest"/>
  <testcase name="languagesTesting" time="0.0" classname="com.orangeHRM.qa.testcases.LanguagesPageTest"/>
  <testcase name="employeeTimeSheetsTesting" time="0.001" classname="com.orangeHRM.qa.testcases.EmployeeTimeSheetsPageTest"/>
  <testcase name="validateMemberships_MyInfoButton_bgcolor" time="0.193" classname="com.orangeHRM.qa.testcases.Memberships_MyInfoPageTest"/>
  <testcase name="mandatoryFieldValidation" time="0.361" classname="com.orangeHRM.qa.testcases.Memberships_MyInfoPageTest"/>
  <testcase name="setcontext" time="0.0" classname="com.orangeHRM.qa.testcases.Memberships_MyInfoPageTest"/>
  <testcase name="verifyAddMembershipTesting" time="8.04" classname="com.orangeHRM.qa.testcases.Memberships_MyInfoPageTest"/>
  <testcase name="verifyAddMembershipTesting" time="8.092" classname="com.orangeHRM.qa.testcases.Memberships_MyInfoPageTest"/>
  <testcase name="colorValidationForAddandDeleteButtons" time="0.097" classname="com.orangeHRM.qa.testcases.Memberships_MyInfoPageTest"/>
  <testcase name="membershiptableValidating" time="0.626" classname="com.orangeHRM.qa.testcases.Memberships_MyInfoPageTest"/>
  <testcase name="setcontext3" time="0.001" classname="com.orangeHRM.qa.testcases.Memberships_MyInfoPageTest"/>
  <testcase name="editMembershipTesting" time="5.213" classname="com.orangeHRM.qa.testcases.Memberships_MyInfoPageTest"/>
  <testcase name="editMembershipTesting" time="12.291" classname="com.orangeHRM.qa.testcases.Memberships_MyInfoPageTest">
    <failure type="org.openqa.selenium.ElementNotInteractableException" message="element not interactable
  (Session info: chrome=98.0.4758.102)
Build info: version: &amp;apos;3.141.59&amp;apos;, revision: &amp;apos;e82be7d358&amp;apos;, time: &amp;apos;2018-11-14T08:17:03&amp;apos;
System info: host: &amp;apos;LAPTOP-0MU7EG7P&amp;apos;, ip: &amp;apos;192.168.1.160&amp;apos;, os.name: &amp;apos;Windows 10&amp;apos;, os.arch: &amp;apos;amd64&amp;apos;, os.version: &amp;apos;10.0&amp;apos;, java.version: &amp;apos;1.8.0_231&amp;apos;
Driver info: org.openqa.selenium.chrome.ChromeDriver
Capabilities {acceptInsecureCerts: false, browserName: chrome, browserVersion: 98.0.4758.102, chrome: {chromedriverVersion: 98.0.4758.102 (273bf7ac8c90..., userDataDir: C:\Users\vijay\AppData\Loca...}, goog:chromeOptions: {debuggerAddress: localhost:57359}, javascriptEnabled: true, networkConnectionEnabled: false, pageLoadStrategy: normal, platform: WINDOWS, platformName: WINDOWS, proxy: Proxy(), setWindowRect: true, strictFileInteractability: false, timeouts: {implicit: 0, pageLoad: 300000, script: 30000}, unhandledPromptBehavior: dismiss and notify, webauthn:extension:credBlob: true, webauthn:extension:largeBlob: true, webauthn:virtualAuthenticators: true}
Session ID: 53edacd87ee3181afa15c2d217212944">
      <![CDATA[org.openqa.selenium.ElementNotInteractableException: element not interactable
  (Session info: chrome=98.0.4758.102)
Build info: version: '3.141.59', revision: 'e82be7d358', time: '2018-11-14T08:17:03'
System info: host: 'LAPTOP-0MU7EG7P', ip: '192.168.1.160', os.name: 'Windows 10', os.arch: 'amd64', os.version: '10.0', java.version: '1.8.0_231'
Driver info: org.openqa.selenium.chrome.ChromeDriver
Capabilities {acceptInsecureCerts: false, browserName: chrome, browserVersion: 98.0.4758.102, chrome: {chromedriverVersion: 98.0.4758.102 (273bf7ac8c90..., userDataDir: C:\Users\vijay\AppData\Loca...}, goog:chromeOptions: {debuggerAddress: localhost:57359}, javascriptEnabled: true, networkConnectionEnabled: false, pageLoadStrategy: normal, platform: WINDOWS, platformName: WINDOWS, proxy: Proxy(), setWindowRect: true, strictFileInteractability: false, timeouts: {implicit: 0, pageLoad: 300000, script: 30000}, unhandledPromptBehavior: dismiss and notify, webauthn:extension:credBlob: true, webauthn:extension:largeBlob: true, webauthn:virtualAuthenticators: true}
Session ID: 53edacd87ee3181afa15c2d217212944
at org.openqa.selenium.remote.http.W3CHttpResponseCodec.createException(W3CHttpResponseCodec.java:187)
at org.openqa.selenium.remote.http.W3CHttpResponseCodec.decode(W3CHttpResponseCodec.java:122)
at org.openqa.selenium.remote.http.W3CHttpResponseCodec.decode(W3CHttpResponseCodec.java:49)
at org.openqa.selenium.remote.HttpCommandExecutor.execute(HttpCommandExecutor.java:158)
at org.openqa.selenium.remote.service.DriverCommandExecutor.execute(DriverCommandExecutor.java:83)
at org.openqa.selenium.remote.RemoteWebDriver.execute(RemoteWebDriver.java:552)
at org.openqa.selenium.remote.RemoteWebElement.execute(RemoteWebElement.java:285)
at org.openqa.selenium.remote.RemoteWebElement.sendKeys(RemoteWebElement.java:106)
at com.orangeHRM.qa.testcases.Memberships_MyInfoPageTest.editMembershipTesting(Memberships_MyInfoPageTest.java:263)
at java.util.ArrayList.forEach(ArrayList.java:1257)
... Removed 31 stack frames]]>
    </failure>
  </testcase> <!-- editMembershipTesting -->
  <testcase name="deletingSingle_Membership" time="1.165" classname="com.orangeHRM.qa.testcases.Memberships_MyInfoPageTest"/>
  <testcase name="deletingall_Membership" time="0.902" classname="com.orangeHRM.qa.testcases.Memberships_MyInfoPageTest"/>
  <testcase name="myLeaveEntitlementsAndUsageReportTesting" time="0.0" classname="com.orangeHRM.qa.testcases.MyLeaveEntitlementsAndUsageReportPageTest">
    <skipped/>
  </testcase> <!-- myLeaveEntitlementsAndUsageReportTesting -->
  <testcase name="terminationReasonsPIMTesting" time="0.0" classname="com.orangeHRM.qa.testcases.TerminationReasonsPIMPageTest">
    <skipped/>
  </testcase> <!-- terminationReasonsPIMTesting -->
  <testcase name="validatingRecruitmentSubMenuDisplay" time="0.0" classname="com.orangeHRM.qa.testcases.RecruitmentPageTest">
    <skipped/>
  </testcase> <!-- validatingRecruitmentSubMenuDisplay -->
  <testcase name="verifyColorsOfSubmenuInRecruitment" time="0.0" classname="com.orangeHRM.qa.testcases.RecruitmentPageTest">
    <skipped/>
  </testcase> <!-- verifyColorsOfSubmenuInRecruitment -->
</testsuite> <!-- Test -->
