<?xml version="1.0" encoding="UTF-8"?>
<!-- Generated by org.testng.reporters.JUnitXMLReporter -->
<testsuite hostname="PruthviRaj" ignored="11" name="Default test(failed)" tests="1" failures="0" timestamp="2021-09-26T15:55:25 MST" time="0.48" errors="0">
  <testcase name="@BeforeClass verifypersonalDetailsPageNavigation" time="0.011" classname="com.orangeHRM.qa.testcases.PersonalDetailsPageTest">
    <failure type="org.openqa.selenium.NoSuchElementException" message="no such element: Unable to locate element: {&amp;quot;method&amp;quot;:&amp;quot;css selector&amp;quot;,&amp;quot;selector&amp;quot;:&amp;quot;#txtUsername&amp;quot;}
  (Session info: chrome=93.0.4577.82)
For documentation on this error, please visit: https://www.seleniumhq.org/exceptions/no_such_element.html
Build info: version: &amp;apos;3.141.59&amp;apos;, revision: &amp;apos;e82be7d358&amp;apos;, time: &amp;apos;2018-11-14T08:17:03&amp;apos;
System info: host: &amp;apos;PRUTHVIRAJ&amp;apos;, ip: &amp;apos;192.168.0.123&amp;apos;, os.name: &amp;apos;Windows 10&amp;apos;, os.arch: &amp;apos;amd64&amp;apos;, os.version: &amp;apos;10.0&amp;apos;, java.version: &amp;apos;1.8.0_191&amp;apos;
Driver info: org.openqa.selenium.chrome.ChromeDriver
Capabilities {acceptInsecureCerts: false, browserName: chrome, browserVersion: 93.0.4577.82, chrome: {chromedriverVersion: 92.0.4515.107 (87a818b10553..., userDataDir: C:\Users\pruthvi\AppData\Lo...}, goog:chromeOptions: {debuggerAddress: localhost:60249}, javascriptEnabled: true, networkConnectionEnabled: false, pageLoadStrategy: normal, platform: WINDOWS, platformName: WINDOWS, proxy: Proxy(), setWindowRect: true, strictFileInteractability: false, timeouts: {implicit: 0, pageLoad: 300000, script: 30000}, unhandledPromptBehavior: dismiss and notify, webauthn:extension:credBlob: true, webauthn:extension:largeBlob: true, webauthn:virtualAuthenticators: true}
Session ID: 97ab3c435027177243ec05b74e39bfc9
*** Element info: {Using=id, value=txtUsername}">
      <![CDATA[org.openqa.selenium.NoSuchElementException: no such element: Unable to locate element: {"method":"css selector","selector":"#txtUsername"}
  (Session info: chrome=93.0.4577.82)
For documentation on this error, please visit: https://www.seleniumhq.org/exceptions/no_such_element.html
Build info: version: '3.141.59', revision: 'e82be7d358', time: '2018-11-14T08:17:03'
System info: host: 'PRUTHVIRAJ', ip: '192.168.0.123', os.name: 'Windows 10', os.arch: 'amd64', os.version: '10.0', java.version: '1.8.0_191'
Driver info: org.openqa.selenium.chrome.ChromeDriver
Capabilities {acceptInsecureCerts: false, browserName: chrome, browserVersion: 93.0.4577.82, chrome: {chromedriverVersion: 92.0.4515.107 (87a818b10553..., userDataDir: C:\Users\pruthvi\AppData\Lo...}, goog:chromeOptions: {debuggerAddress: localhost:60249}, javascriptEnabled: true, networkConnectionEnabled: false, pageLoadStrategy: normal, platform: WINDOWS, platformName: WINDOWS, proxy: Proxy(), setWindowRect: true, strictFileInteractability: false, timeouts: {implicit: 0, pageLoad: 300000, script: 30000}, unhandledPromptBehavior: dismiss and notify, webauthn:extension:credBlob: true, webauthn:extension:largeBlob: true, webauthn:virtualAuthenticators: true}
Session ID: 97ab3c435027177243ec05b74e39bfc9
*** Element info: {Using=id, value=txtUsername}
at org.openqa.selenium.remote.http.W3CHttpResponseCodec.createException(W3CHttpResponseCodec.java:187)
at org.openqa.selenium.remote.http.W3CHttpResponseCodec.decode(W3CHttpResponseCodec.java:122)
at org.openqa.selenium.remote.http.W3CHttpResponseCodec.decode(W3CHttpResponseCodec.java:49)
at org.openqa.selenium.remote.HttpCommandExecutor.execute(HttpCommandExecutor.java:158)
at org.openqa.selenium.remote.service.DriverCommandExecutor.execute(DriverCommandExecutor.java:83)
at org.openqa.selenium.remote.RemoteWebDriver.execute(RemoteWebDriver.java:552)
at org.openqa.selenium.remote.RemoteWebDriver.findElement(RemoteWebDriver.java:323)
at org.openqa.selenium.remote.RemoteWebDriver.findElementById(RemoteWebDriver.java:372)
at org.openqa.selenium.By$ById.findElement(By.java:188)
at org.openqa.selenium.remote.RemoteWebDriver.findElement(RemoteWebDriver.java:315)
at com.orangeHRM.qa.base.BaseClass.login(BaseClass.java:91)
at com.orangeHRM.qa.testcases.PersonalDetailsPageTest.verifypersonalDetailsPageNavigation(PersonalDetailsPageTest.java:39)
at java.util.ArrayList.forEach(ArrayList.java:1257)
... Removed 32 stack frames]]>
    </failure>
  </testcase> <!-- @BeforeClass verifypersonalDetailsPageNavigation -->
  <testcase name="toolTipValidation" time="0.0" classname="com.orangeHRM.qa.testcases.PersonalDetailsPageTest">
    <skipped/>
  </testcase> <!-- toolTipValidation -->
  <testcase name="personalDetailsTesting" time="0.0" classname="com.orangeHRM.qa.testcases.PersonalDetailsPageTest">
    <ignored/>
  </testcase> <!-- personalDetailsTesting -->
  <testcase name="validatingPersonalDetailsFieldsDisplay" time="0.0" classname="com.orangeHRM.qa.testcases.PersonalDetailsPageTest">
    <ignored/>
  </testcase> <!-- validatingPersonalDetailsFieldsDisplay -->
  <testcase name="tebleHeaderValidation" time="0.0" classname="com.orangeHRM.qa.testcases.PersonalDetailsPageTest">
    <ignored/>
  </testcase> <!-- tebleHeaderValidation -->
  <testcase name="validatingNationalityDropdownOptionsDuplicates" time="0.0" classname="com.orangeHRM.qa.testcases.PersonalDetailsPageTest">
    <ignored/>
  </testcase> <!-- validatingNationalityDropdownOptionsDuplicates -->
  <testcase name="validatingNationalityDropdownOptionsSort" time="0.0" classname="com.orangeHRM.qa.testcases.PersonalDetailsPageTest">
    <ignored/>
  </testcase> <!-- validatingNationalityDropdownOptionsSort -->
  <testcase name="validatingMarritalStatusDropdownOptionsDuplicates" time="0.0" classname="com.orangeHRM.qa.testcases.PersonalDetailsPageTest">
    <ignored/>
  </testcase> <!-- validatingMarritalStatusDropdownOptionsDuplicates -->
  <testcase name="setcontext" time="0.0" classname="com.orangeHRM.qa.testcases.PersonalDetailsPageTest">
    <ignored/>
  </testcase> <!-- setcontext -->
  <testcase name="verifyLicenseExpiryDateFormat" time="0.0" classname="com.orangeHRM.qa.testcases.PersonalDetailsPageTest">
    <ignored/>
  </testcase> <!-- verifyLicenseExpiryDateFormat -->
  <testcase name="validatingMarritalStatusDropdownOptionsSort" time="0.0" classname="com.orangeHRM.qa.testcases.PersonalDetailsPageTest">
    <ignored/>
  </testcase> <!-- validatingMarritalStatusDropdownOptionsSort -->
  <testcase name="colorOfButtons" time="0.0" classname="com.orangeHRM.qa.testcases.PersonalDetailsPageTest">
    <ignored/>
  </testcase> <!-- colorOfButtons -->
  <testcase name="verifyDateOfBirthDateFormat" time="0.0" classname="com.orangeHRM.qa.testcases.PersonalDetailsPageTest">
    <ignored/>
  </testcase> <!-- verifyDateOfBirthDateFormat -->
</testsuite> <!-- Default test(failed) -->
